23-Dec-2022 19:50:34.553 信息 [main] org.apache.catalina.startup.VersionLoggerListener.log Server.服务器版本: Apache Tomcat/8.5.84
23-Dec-2022 19:50:34.564 信息 [main] org.apache.catalina.startup.VersionLoggerListener.log 服务器构建:        Nov 16 2022 13:34:24 UTC
23-Dec-2022 19:50:34.565 信息 [main] org.apache.catalina.startup.VersionLoggerListener.log 服务器版本号:      8.5.84.0
23-Dec-2022 19:50:34.565 信息 [main] org.apache.catalina.startup.VersionLoggerListener.log 操作系统名称:      Windows 10
23-Dec-2022 19:50:34.566 信息 [main] org.apache.catalina.startup.VersionLoggerListener.log OS.版本:           10.0
23-Dec-2022 19:50:34.566 信息 [main] org.apache.catalina.startup.VersionLoggerListener.log 架构:              amd64
23-Dec-2022 19:50:34.566 信息 [main] org.apache.catalina.startup.VersionLoggerListener.log Java 环境变量:     D:\Java\jdk-14.0.2
23-Dec-2022 19:50:34.566 信息 [main] org.apache.catalina.startup.VersionLoggerListener.log Java虚拟机版本:    14.0.2+12-46
23-Dec-2022 19:50:34.567 信息 [main] org.apache.catalina.startup.VersionLoggerListener.log JVM.供应商:        Oracle Corporation
23-Dec-2022 19:50:34.567 信息 [main] org.apache.catalina.startup.VersionLoggerListener.log CATALINA_BASE:     E:\apache-tomcat-8.5.84
23-Dec-2022 19:50:34.568 信息 [main] org.apache.catalina.startup.VersionLoggerListener.log CATALINA_HOME:     E:\apache-tomcat-8.5.84
23-Dec-2022 19:50:34.569 信息 [main] org.apache.catalina.startup.VersionLoggerListener.log 命令行参数：       --add-opens=java.base/java.lang=ALL-UNNAMED
23-Dec-2022 19:50:34.569 信息 [main] org.apache.catalina.startup.VersionLoggerListener.log 命令行参数：       --add-opens=java.base/java.io=ALL-UNNAMED
23-Dec-2022 19:50:34.569 信息 [main] org.apache.catalina.startup.VersionLoggerListener.log 命令行参数：       --add-opens=java.base/java.util=ALL-UNNAMED
23-Dec-2022 19:50:34.570 信息 [main] org.apache.catalina.startup.VersionLoggerListener.log 命令行参数：       --add-opens=java.base/java.util.concurrent=ALL-UNNAMED
23-Dec-2022 19:50:34.570 信息 [main] org.apache.catalina.startup.VersionLoggerListener.log 命令行参数：       --add-opens=java.rmi/sun.rmi.transport=ALL-UNNAMED
23-Dec-2022 19:50:34.570 信息 [main] org.apache.catalina.startup.VersionLoggerListener.log 命令行参数：       -Djava.util.logging.config.file=E:\apache-tomcat-8.5.84\conf\logging.properties
23-Dec-2022 19:50:34.571 信息 [main] org.apache.catalina.startup.VersionLoggerListener.log 命令行参数：       -Djava.util.logging.manager=org.apache.juli.ClassLoaderLogManager
23-Dec-2022 19:50:34.572 信息 [main] org.apache.catalina.startup.VersionLoggerListener.log 命令行参数：       -Djdk.tls.ephemeralDHKeySize=2048
23-Dec-2022 19:50:34.572 信息 [main] org.apache.catalina.startup.VersionLoggerListener.log 命令行参数：       -Djava.protocol.handler.pkgs=org.apache.catalina.webresources
23-Dec-2022 19:50:34.573 信息 [main] org.apache.catalina.startup.VersionLoggerListener.log 命令行参数：       -Dignore.endorsed.dirs=
23-Dec-2022 19:50:34.573 信息 [main] org.apache.catalina.startup.VersionLoggerListener.log 命令行参数：       -Dcatalina.base=E:\apache-tomcat-8.5.84
23-Dec-2022 19:50:34.573 信息 [main] org.apache.catalina.startup.VersionLoggerListener.log 命令行参数：       -Dcatalina.home=E:\apache-tomcat-8.5.84
23-Dec-2022 19:50:34.573 信息 [main] org.apache.catalina.startup.VersionLoggerListener.log 命令行参数：       -Djava.io.tmpdir=E:\apache-tomcat-8.5.84\temp
23-Dec-2022 19:50:34.574 信息 [main] org.apache.catalina.core.AprLifecycleListener.lifecycleEvent 使用APR版本[1.7.0]加载了基于APR的Apache Tomcat本机库[1.2.35]。
23-Dec-2022 19:50:34.574 信息 [main] org.apache.catalina.core.AprLifecycleListener.lifecycleEvent APR功能：IPv6[true]、sendfile[true]、accept filters[false]、random[true]、UDS [{4}]。
23-Dec-2022 19:50:34.574 信息 [main] org.apache.catalina.core.AprLifecycleListener.lifecycleEvent APR/OpenSSL配置：useAprConnector[false]，useOpenSSL[true]
23-Dec-2022 19:50:34.586 信息 [main] org.apache.catalina.core.AprLifecycleListener.initializeSSL OpenSSL成功初始化 [OpenSSL 1.1.1q  5 Jul 2022]
23-Dec-2022 19:50:34.651 信息 [main] org.apache.coyote.AbstractProtocol.init 初始化协议处理器 ["http-nio-8080"]
23-Dec-2022 19:50:34.688 信息 [main] org.apache.catalina.startup.Catalina.load Initialization processed in 684 ms
23-Dec-2022 19:50:34.752 信息 [main] org.apache.catalina.core.StandardService.startInternal 正在启动服务[Catalina]
23-Dec-2022 19:50:34.753 信息 [main] org.apache.catalina.core.StandardEngine.startInternal 正在启动 Servlet 引擎：[Apache Tomcat/8.5.84]
23-Dec-2022 19:50:34.784 信息 [localhost-startStop-1] org.apache.catalina.startup.HostConfig.deployWAR 正在部署web应用程序存档文件[E:\apache-tomcat-8.5.84\webapps\demo_war_exploded.war]
23-Dec-2022 19:50:35.019 警告 [localhost-startStop-1] org.apache.tomcat.util.descriptor.web.WebXml.setVersion 未知版本字符串 [4.0]。将使用默认版本。
23-Dec-2022 19:50:35.740 信息 [localhost-startStop-1] org.apache.jasper.servlet.TldScanner.scanJars 至少有一个JAR被扫描用于TLD但尚未包含TLD。 为此记录器启用调试日志记录，以获取已扫描但未在其中找到TLD的完整JAR列表。 在扫描期间跳过不需要的JAR可以缩短启动时间和JSP编译时间。
23-Dec-2022 19:50:35.833 信息 [localhost-startStop-1] org.apache.catalina.startup.HostConfig.deployWAR web应用程序存档文件[E:\apache-tomcat-8.5.84\webapps\demo_war_exploded.war]的部署已在[1,046]ms内完成
23-Dec-2022 19:50:35.834 信息 [localhost-startStop-1] org.apache.catalina.startup.HostConfig.deployDirectory 把web 应用程序部署到目录 [E:\apache-tomcat-8.5.84\webapps\docs]
23-Dec-2022 19:50:36.252 信息 [localhost-startStop-1] org.apache.jasper.servlet.TldScanner.scanJars 至少有一个JAR被扫描用于TLD但尚未包含TLD。 为此记录器启用调试日志记录，以获取已扫描但未在其中找到TLD的完整JAR列表。 在扫描期间跳过不需要的JAR可以缩短启动时间和JSP编译时间。
23-Dec-2022 19:50:36.255 信息 [localhost-startStop-1] org.apache.catalina.startup.HostConfig.deployDirectory Web应用程序目录[E:\apache-tomcat-8.5.84\webapps\docs]的部署已在[421]毫秒内完成
23-Dec-2022 19:50:36.256 信息 [localhost-startStop-1] org.apache.catalina.startup.HostConfig.deployDirectory 把web 应用程序部署到目录 [E:\apache-tomcat-8.5.84\webapps\examples]
23-Dec-2022 19:50:37.370 信息 [localhost-startStop-1] org.apache.jasper.servlet.TldScanner.scanJars 至少有一个JAR被扫描用于TLD但尚未包含TLD。 为此记录器启用调试日志记录，以获取已扫描但未在其中找到TLD的完整JAR列表。 在扫描期间跳过不需要的JAR可以缩短启动时间和JSP编译时间。
23-Dec-2022 19:50:37.456 信息 [localhost-startStop-1] org.apache.catalina.startup.HostConfig.deployDirectory Web应用程序目录[E:\apache-tomcat-8.5.84\webapps\examples]的部署已在[1,199]毫秒内完成
23-Dec-2022 19:50:37.456 信息 [localhost-startStop-1] org.apache.catalina.startup.HostConfig.deployDirectory 把web 应用程序部署到目录 [E:\apache-tomcat-8.5.84\webapps\host-manager]
23-Dec-2022 19:50:37.971 信息 [localhost-startStop-1] org.apache.jasper.servlet.TldScanner.scanJars 至少有一个JAR被扫描用于TLD但尚未包含TLD。 为此记录器启用调试日志记录，以获取已扫描但未在其中找到TLD的完整JAR列表。 在扫描期间跳过不需要的JAR可以缩短启动时间和JSP编译时间。
23-Dec-2022 19:50:37.980 信息 [localhost-startStop-1] org.apache.catalina.startup.HostConfig.deployDirectory Web应用程序目录[E:\apache-tomcat-8.5.84\webapps\host-manager]的部署已在[524]毫秒内完成
23-Dec-2022 19:50:37.980 信息 [localhost-startStop-1] org.apache.catalina.startup.HostConfig.deployDirectory 把web 应用程序部署到目录 [E:\apache-tomcat-8.5.84\webapps\manager]
23-Dec-2022 19:50:38.454 信息 [localhost-startStop-1] org.apache.jasper.servlet.TldScanner.scanJars 至少有一个JAR被扫描用于TLD但尚未包含TLD。 为此记录器启用调试日志记录，以获取已扫描但未在其中找到TLD的完整JAR列表。 在扫描期间跳过不需要的JAR可以缩短启动时间和JSP编译时间。
23-Dec-2022 19:50:38.458 信息 [localhost-startStop-1] org.apache.catalina.startup.HostConfig.deployDirectory Web应用程序目录[E:\apache-tomcat-8.5.84\webapps\manager]的部署已在[478]毫秒内完成
23-Dec-2022 19:50:38.459 信息 [localhost-startStop-1] org.apache.catalina.startup.HostConfig.deployDirectory 把web 应用程序部署到目录 [E:\apache-tomcat-8.5.84\webapps\ROOT]
23-Dec-2022 19:50:38.968 信息 [localhost-startStop-1] org.apache.jasper.servlet.TldScanner.scanJars 至少有一个JAR被扫描用于TLD但尚未包含TLD。 为此记录器启用调试日志记录，以获取已扫描但未在其中找到TLD的完整JAR列表。 在扫描期间跳过不需要的JAR可以缩短启动时间和JSP编译时间。
23-Dec-2022 19:50:38.973 信息 [localhost-startStop-1] org.apache.catalina.startup.HostConfig.deployDirectory Web应用程序目录[E:\apache-tomcat-8.5.84\webapps\ROOT]的部署已在[514]毫秒内完成
23-Dec-2022 19:50:38.984 信息 [main] org.apache.coyote.AbstractProtocol.start 开始协议处理句柄["http-nio-8080"]
23-Dec-2022 19:50:39.066 信息 [main] org.apache.catalina.startup.Catalina.start Server startup in 4377 ms
23-Dec-2022 19:50:58.997 信息 [ContainerBackgroundProcessor[StandardEngine[Catalina]]] org.apache.catalina.startup.HostConfig.reload 重新加载上下文[]
23-Dec-2022 19:50:58.998 信息 [ContainerBackgroundProcessor[StandardEngine[Catalina]]] org.apache.catalina.core.StandardContext.reload 已开始重新加载名为[]的上下文
23-Dec-2022 19:50:59.499 信息 [ContainerBackgroundProcessor[StandardEngine[Catalina]]] org.apache.jasper.servlet.TldScanner.scanJars 至少有一个JAR被扫描用于TLD但尚未包含TLD。 为此记录器启用调试日志记录，以获取已扫描但未在其中找到TLD的完整JAR列表。 在扫描期间跳过不需要的JAR可以缩短启动时间和JSP编译时间。
23-Dec-2022 19:50:59.502 信息 [ContainerBackgroundProcessor[StandardEngine[Catalina]]] org.apache.catalina.core.StandardContext.reload 已完成重新加载名为[]的上下文
23-Dec-2022 19:50:59.503 信息 [ContainerBackgroundProcessor[StandardEngine[Catalina]]] org.apache.catalina.startup.HostConfig.reload 重新加载上下文[/demo_war_exploded]
23-Dec-2022 19:50:59.503 信息 [ContainerBackgroundProcessor[StandardEngine[Catalina]]] org.apache.catalina.core.StandardContext.reload 已开始重新加载名为[/demo_war_exploded]的上下文
23-Dec-2022 19:50:59.519 警告 [ContainerBackgroundProcessor[StandardEngine[Catalina]]] org.apache.tomcat.util.descriptor.web.WebXml.setVersion 未知版本字符串 [4.0]。将使用默认版本。
23-Dec-2022 19:51:00.032 信息 [ContainerBackgroundProcessor[StandardEngine[Catalina]]] org.apache.jasper.servlet.TldScanner.scanJars 至少有一个JAR被扫描用于TLD但尚未包含TLD。 为此记录器启用调试日志记录，以获取已扫描但未在其中找到TLD的完整JAR列表。 在扫描期间跳过不需要的JAR可以缩短启动时间和JSP编译时间。
23-Dec-2022 19:51:00.034 信息 [ContainerBackgroundProcessor[StandardEngine[Catalina]]] org.apache.catalina.core.StandardContext.reload 已完成重新加载名为[/demo_war_exploded]的上下文
23-Dec-2022 19:51:00.035 信息 [ContainerBackgroundProcessor[StandardEngine[Catalina]]] org.apache.catalina.startup.HostConfig.reload 重新加载上下文[/examples]
23-Dec-2022 19:51:00.036 信息 [ContainerBackgroundProcessor[StandardEngine[Catalina]]] org.apache.catalina.core.StandardContext.reload 已开始重新加载名为[/examples]的上下文
23-Dec-2022 19:51:00.724 信息 [ContainerBackgroundProcessor[StandardEngine[Catalina]]] org.apache.jasper.servlet.TldScanner.scanJars 至少有一个JAR被扫描用于TLD但尚未包含TLD。 为此记录器启用调试日志记录，以获取已扫描但未在其中找到TLD的完整JAR列表。 在扫描期间跳过不需要的JAR可以缩短启动时间和JSP编译时间。
23-Dec-2022 19:51:00.761 信息 [ContainerBackgroundProcessor[StandardEngine[Catalina]]] org.apache.catalina.core.StandardContext.reload 已完成重新加载名为[/examples]的上下文
23-Dec-2022 19:51:00.763 信息 [ContainerBackgroundProcessor[StandardEngine[Catalina]]] org.apache.catalina.startup.HostConfig.reload 重新加载上下文[/host-manager]
23-Dec-2022 19:51:00.763 信息 [ContainerBackgroundProcessor[StandardEngine[Catalina]]] org.apache.catalina.core.StandardContext.reload 已开始重新加载名为[/host-manager]的上下文
23-Dec-2022 19:51:01.166 信息 [ContainerBackgroundProcessor[StandardEngine[Catalina]]] org.apache.jasper.servlet.TldScanner.scanJars 至少有一个JAR被扫描用于TLD但尚未包含TLD。 为此记录器启用调试日志记录，以获取已扫描但未在其中找到TLD的完整JAR列表。 在扫描期间跳过不需要的JAR可以缩短启动时间和JSP编译时间。
23-Dec-2022 19:51:01.169 信息 [ContainerBackgroundProcessor[StandardEngine[Catalina]]] org.apache.catalina.core.StandardContext.reload 已完成重新加载名为[/host-manager]的上下文
23-Dec-2022 19:51:01.170 信息 [ContainerBackgroundProcessor[StandardEngine[Catalina]]] org.apache.catalina.startup.HostConfig.reload 重新加载上下文[/manager]
23-Dec-2022 19:51:01.170 信息 [ContainerBackgroundProcessor[StandardEngine[Catalina]]] org.apache.catalina.core.StandardContext.reload 已开始重新加载名为[/manager]的上下文
23-Dec-2022 19:51:01.551 信息 [ContainerBackgroundProcessor[StandardEngine[Catalina]]] org.apache.jasper.servlet.TldScanner.scanJars 至少有一个JAR被扫描用于TLD但尚未包含TLD。 为此记录器启用调试日志记录，以获取已扫描但未在其中找到TLD的完整JAR列表。 在扫描期间跳过不需要的JAR可以缩短启动时间和JSP编译时间。
23-Dec-2022 19:51:01.554 信息 [ContainerBackgroundProcessor[StandardEngine[Catalina]]] org.apache.catalina.core.StandardContext.reload 已完成重新加载名为[/manager]的上下文
23-Dec-2022 19:51:01.555 信息 [ContainerBackgroundProcessor[StandardEngine[Catalina]]] org.apache.catalina.startup.HostConfig.reload 重新加载上下文[/docs]
23-Dec-2022 19:51:01.555 信息 [ContainerBackgroundProcessor[StandardEngine[Catalina]]] org.apache.catalina.core.StandardContext.reload 已开始重新加载名为[/docs]的上下文
23-Dec-2022 19:51:01.905 信息 [ContainerBackgroundProcessor[StandardEngine[Catalina]]] org.apache.jasper.servlet.TldScanner.scanJars 至少有一个JAR被扫描用于TLD但尚未包含TLD。 为此记录器启用调试日志记录，以获取已扫描但未在其中找到TLD的完整JAR列表。 在扫描期间跳过不需要的JAR可以缩短启动时间和JSP编译时间。
23-Dec-2022 19:51:01.907 信息 [ContainerBackgroundProcessor[StandardEngine[Catalina]]] org.apache.catalina.core.StandardContext.reload 已完成重新加载名为[/docs]的上下文
23-Dec-2022 20:06:11.371 信息 [main] org.apache.catalina.core.StandardServer.await 通过关闭端口接收到有效的关闭命令。正在停止服务器实例。
23-Dec-2022 20:06:11.372 信息 [main] org.apache.coyote.AbstractProtocol.pause 暂停ProtocolHandler["http-nio-8080"]
23-Dec-2022 20:06:11.395 信息 [main] org.apache.catalina.core.StandardService.stopInternal 正在停止服务[Catalina]
23-Dec-2022 20:06:11.421 信息 [main] org.apache.coyote.AbstractProtocol.stop 正在停止ProtocolHandler ["http-nio-8080"]
23-Dec-2022 20:06:11.440 信息 [main] org.apache.coyote.AbstractProtocol.destroy 正在摧毁协议处理器 ["http-nio-8080"]
23-Dec-2022 20:06:15.584 信息 [main] org.apache.catalina.startup.VersionLoggerListener.log Server.服务器版本: Apache Tomcat/8.5.84
23-Dec-2022 20:06:15.588 信息 [main] org.apache.catalina.startup.VersionLoggerListener.log 服务器构建:        Nov 16 2022 13:34:24 UTC
23-Dec-2022 20:06:15.588 信息 [main] org.apache.catalina.startup.VersionLoggerListener.log 服务器版本号:      8.5.84.0
23-Dec-2022 20:06:15.589 信息 [main] org.apache.catalina.startup.VersionLoggerListener.log 操作系统名称:      Windows 10
23-Dec-2022 20:06:15.589 信息 [main] org.apache.catalina.startup.VersionLoggerListener.log OS.版本:           10.0
23-Dec-2022 20:06:15.589 信息 [main] org.apache.catalina.startup.VersionLoggerListener.log 架构:              amd64
23-Dec-2022 20:06:15.589 信息 [main] org.apache.catalina.startup.VersionLoggerListener.log Java 环境变量:     D:\Java\jdk-14.0.2
23-Dec-2022 20:06:15.590 信息 [main] org.apache.catalina.startup.VersionLoggerListener.log Java虚拟机版本:    14.0.2+12-46
23-Dec-2022 20:06:15.590 信息 [main] org.apache.catalina.startup.VersionLoggerListener.log JVM.供应商:        Oracle Corporation
23-Dec-2022 20:06:15.590 信息 [main] org.apache.catalina.startup.VersionLoggerListener.log CATALINA_BASE:     E:\apache-tomcat-8.5.84
23-Dec-2022 20:06:15.590 信息 [main] org.apache.catalina.startup.VersionLoggerListener.log CATALINA_HOME:     E:\apache-tomcat-8.5.84
23-Dec-2022 20:06:15.591 信息 [main] org.apache.catalina.startup.VersionLoggerListener.log 命令行参数：       --add-opens=java.base/java.lang=ALL-UNNAMED
23-Dec-2022 20:06:15.591 信息 [main] org.apache.catalina.startup.VersionLoggerListener.log 命令行参数：       --add-opens=java.base/java.io=ALL-UNNAMED
23-Dec-2022 20:06:15.591 信息 [main] org.apache.catalina.startup.VersionLoggerListener.log 命令行参数：       --add-opens=java.base/java.util=ALL-UNNAMED
23-Dec-2022 20:06:15.591 信息 [main] org.apache.catalina.startup.VersionLoggerListener.log 命令行参数：       --add-opens=java.base/java.util.concurrent=ALL-UNNAMED
23-Dec-2022 20:06:15.592 信息 [main] org.apache.catalina.startup.VersionLoggerListener.log 命令行参数：       --add-opens=java.rmi/sun.rmi.transport=ALL-UNNAMED
23-Dec-2022 20:06:15.592 信息 [main] org.apache.catalina.startup.VersionLoggerListener.log 命令行参数：       -Djava.util.logging.config.file=E:\apache-tomcat-8.5.84\conf\logging.properties
23-Dec-2022 20:06:15.593 信息 [main] org.apache.catalina.startup.VersionLoggerListener.log 命令行参数：       -Djava.util.logging.manager=org.apache.juli.ClassLoaderLogManager
23-Dec-2022 20:06:15.593 信息 [main] org.apache.catalina.startup.VersionLoggerListener.log 命令行参数：       -Djdk.tls.ephemeralDHKeySize=2048
23-Dec-2022 20:06:15.594 信息 [main] org.apache.catalina.startup.VersionLoggerListener.log 命令行参数：       -Djava.protocol.handler.pkgs=org.apache.catalina.webresources
23-Dec-2022 20:06:15.594 信息 [main] org.apache.catalina.startup.VersionLoggerListener.log 命令行参数：       -Dignore.endorsed.dirs=
23-Dec-2022 20:06:15.594 信息 [main] org.apache.catalina.startup.VersionLoggerListener.log 命令行参数：       -Dcatalina.base=E:\apache-tomcat-8.5.84
23-Dec-2022 20:06:15.594 信息 [main] org.apache.catalina.startup.VersionLoggerListener.log 命令行参数：       -Dcatalina.home=E:\apache-tomcat-8.5.84
23-Dec-2022 20:06:15.595 信息 [main] org.apache.catalina.startup.VersionLoggerListener.log 命令行参数：       -Djava.io.tmpdir=E:\apache-tomcat-8.5.84\temp
23-Dec-2022 20:06:15.595 信息 [main] org.apache.catalina.core.AprLifecycleListener.lifecycleEvent 使用APR版本[1.7.0]加载了基于APR的Apache Tomcat本机库[1.2.35]。
23-Dec-2022 20:06:15.595 信息 [main] org.apache.catalina.core.AprLifecycleListener.lifecycleEvent APR功能：IPv6[true]、sendfile[true]、accept filters[false]、random[true]、UDS [{4}]。
23-Dec-2022 20:06:15.595 信息 [main] org.apache.catalina.core.AprLifecycleListener.lifecycleEvent APR/OpenSSL配置：useAprConnector[false]，useOpenSSL[true]
23-Dec-2022 20:06:15.609 信息 [main] org.apache.catalina.core.AprLifecycleListener.initializeSSL OpenSSL成功初始化 [OpenSSL 1.1.1q  5 Jul 2022]
23-Dec-2022 20:06:15.681 信息 [main] org.apache.coyote.AbstractProtocol.init 初始化协议处理器 ["http-nio-8080"]
23-Dec-2022 20:06:15.716 信息 [main] org.apache.catalina.startup.Catalina.load Initialization processed in 699 ms
23-Dec-2022 20:06:15.766 信息 [main] org.apache.catalina.core.StandardService.startInternal 正在启动服务[Catalina]
23-Dec-2022 20:06:15.766 信息 [main] org.apache.catalina.core.StandardEngine.startInternal 正在启动 Servlet 引擎：[Apache Tomcat/8.5.84]
23-Dec-2022 20:06:16.452 信息 [localhost-startStop-1] org.apache.jasper.servlet.TldScanner.scanJars 至少有一个JAR被扫描用于TLD但尚未包含TLD。 为此记录器启用调试日志记录，以获取已扫描但未在其中找到TLD的完整JAR列表。 在扫描期间跳过不需要的JAR可以缩短启动时间和JSP编译时间。
23-Dec-2022 20:06:16.550 信息 [localhost-startStop-1] org.apache.catalina.startup.HostConfig.deployDirectory 把web 应用程序部署到目录 [E:\apache-tomcat-8.5.84\webapps\docs]
23-Dec-2022 20:06:16.960 信息 [localhost-startStop-1] org.apache.jasper.servlet.TldScanner.scanJars 至少有一个JAR被扫描用于TLD但尚未包含TLD。 为此记录器启用调试日志记录，以获取已扫描但未在其中找到TLD的完整JAR列表。 在扫描期间跳过不需要的JAR可以缩短启动时间和JSP编译时间。
23-Dec-2022 20:06:16.967 信息 [localhost-startStop-1] org.apache.catalina.startup.HostConfig.deployDirectory Web应用程序目录[E:\apache-tomcat-8.5.84\webapps\docs]的部署已在[414]毫秒内完成
23-Dec-2022 20:06:16.967 信息 [localhost-startStop-1] org.apache.catalina.startup.HostConfig.deployDirectory 把web 应用程序部署到目录 [E:\apache-tomcat-8.5.84\webapps\examples]
23-Dec-2022 20:06:17.749 信息 [localhost-startStop-1] org.apache.jasper.servlet.TldScanner.scanJars 至少有一个JAR被扫描用于TLD但尚未包含TLD。 为此记录器启用调试日志记录，以获取已扫描但未在其中找到TLD的完整JAR列表。 在扫描期间跳过不需要的JAR可以缩短启动时间和JSP编译时间。
23-Dec-2022 20:06:17.810 信息 [localhost-startStop-1] org.apache.catalina.startup.HostConfig.deployDirectory Web应用程序目录[E:\apache-tomcat-8.5.84\webapps\examples]的部署已在[843]毫秒内完成
23-Dec-2022 20:06:17.811 信息 [localhost-startStop-1] org.apache.catalina.startup.HostConfig.deployDirectory 把web 应用程序部署到目录 [E:\apache-tomcat-8.5.84\webapps\host-manager]
23-Dec-2022 20:06:18.233 信息 [localhost-startStop-1] org.apache.jasper.servlet.TldScanner.scanJars 至少有一个JAR被扫描用于TLD但尚未包含TLD。 为此记录器启用调试日志记录，以获取已扫描但未在其中找到TLD的完整JAR列表。 在扫描期间跳过不需要的JAR可以缩短启动时间和JSP编译时间。
23-Dec-2022 20:06:18.240 信息 [localhost-startStop-1] org.apache.catalina.startup.HostConfig.deployDirectory Web应用程序目录[E:\apache-tomcat-8.5.84\webapps\host-manager]的部署已在[428]毫秒内完成
23-Dec-2022 20:06:18.240 信息 [localhost-startStop-1] org.apache.catalina.startup.HostConfig.deployDirectory 把web 应用程序部署到目录 [E:\apache-tomcat-8.5.84\webapps\manager]
23-Dec-2022 20:06:18.683 信息 [localhost-startStop-1] org.apache.jasper.servlet.TldScanner.scanJars 至少有一个JAR被扫描用于TLD但尚未包含TLD。 为此记录器启用调试日志记录，以获取已扫描但未在其中找到TLD的完整JAR列表。 在扫描期间跳过不需要的JAR可以缩短启动时间和JSP编译时间。
23-Dec-2022 20:06:18.687 信息 [localhost-startStop-1] org.apache.catalina.startup.HostConfig.deployDirectory Web应用程序目录[E:\apache-tomcat-8.5.84\webapps\manager]的部署已在[446]毫秒内完成
23-Dec-2022 20:06:18.687 信息 [localhost-startStop-1] org.apache.catalina.startup.HostConfig.deployDirectory 把web 应用程序部署到目录 [E:\apache-tomcat-8.5.84\webapps\ROOT]
23-Dec-2022 20:06:19.060 信息 [localhost-startStop-1] org.apache.jasper.servlet.TldScanner.scanJars 至少有一个JAR被扫描用于TLD但尚未包含TLD。 为此记录器启用调试日志记录，以获取已扫描但未在其中找到TLD的完整JAR列表。 在扫描期间跳过不需要的JAR可以缩短启动时间和JSP编译时间。
23-Dec-2022 20:06:19.065 信息 [localhost-startStop-1] org.apache.catalina.startup.HostConfig.deployDirectory Web应用程序目录[E:\apache-tomcat-8.5.84\webapps\ROOT]的部署已在[378]毫秒内完成
23-Dec-2022 20:06:19.069 信息 [main] org.apache.coyote.AbstractProtocol.start 开始协议处理句柄["http-nio-8080"]
23-Dec-2022 20:06:19.141 信息 [main] org.apache.catalina.startup.Catalina.start Server startup in 3424 ms
23-Dec-2022 20:10:23.226 信息 [main] org.apache.catalina.core.StandardServer.await 通过关闭端口接收到有效的关闭命令。正在停止服务器实例。
23-Dec-2022 20:10:23.227 信息 [main] org.apache.coyote.AbstractProtocol.pause 暂停ProtocolHandler["http-nio-8080"]
23-Dec-2022 20:10:23.253 信息 [main] org.apache.catalina.core.StandardService.stopInternal 正在停止服务[Catalina]
23-Dec-2022 20:10:23.297 信息 [main] org.apache.coyote.AbstractProtocol.stop 正在停止ProtocolHandler ["http-nio-8080"]
23-Dec-2022 20:10:23.305 信息 [main] org.apache.coyote.AbstractProtocol.destroy 正在摧毁协议处理器 ["http-nio-8080"]
23-Dec-2022 20:10:29.087 信息 [main] org.apache.catalina.startup.VersionLoggerListener.log Server.服务器版本: Apache Tomcat/8.5.84
23-Dec-2022 20:10:29.090 信息 [main] org.apache.catalina.startup.VersionLoggerListener.log 服务器构建:        Nov 16 2022 13:34:24 UTC
23-Dec-2022 20:10:29.091 信息 [main] org.apache.catalina.startup.VersionLoggerListener.log 服务器版本号:      8.5.84.0
23-Dec-2022 20:10:29.091 信息 [main] org.apache.catalina.startup.VersionLoggerListener.log 操作系统名称:      Windows 10
23-Dec-2022 20:10:29.091 信息 [main] org.apache.catalina.startup.VersionLoggerListener.log OS.版本:           10.0
23-Dec-2022 20:10:29.091 信息 [main] org.apache.catalina.startup.VersionLoggerListener.log 架构:              amd64
23-Dec-2022 20:10:29.092 信息 [main] org.apache.catalina.startup.VersionLoggerListener.log Java 环境变量:     D:\Java\jdk-14.0.2
23-Dec-2022 20:10:29.092 信息 [main] org.apache.catalina.startup.VersionLoggerListener.log Java虚拟机版本:    14.0.2+12-46
23-Dec-2022 20:10:29.092 信息 [main] org.apache.catalina.startup.VersionLoggerListener.log JVM.供应商:        Oracle Corporation
23-Dec-2022 20:10:29.092 信息 [main] org.apache.catalina.startup.VersionLoggerListener.log CATALINA_BASE:     E:\apache-tomcat-8.5.84
23-Dec-2022 20:10:29.093 信息 [main] org.apache.catalina.startup.VersionLoggerListener.log CATALINA_HOME:     E:\apache-tomcat-8.5.84
23-Dec-2022 20:10:29.094 信息 [main] org.apache.catalina.startup.VersionLoggerListener.log 命令行参数：       --add-opens=java.base/java.lang=ALL-UNNAMED
23-Dec-2022 20:10:29.094 信息 [main] org.apache.catalina.startup.VersionLoggerListener.log 命令行参数：       --add-opens=java.base/java.io=ALL-UNNAMED
23-Dec-2022 20:10:29.095 信息 [main] org.apache.catalina.startup.VersionLoggerListener.log 命令行参数：       --add-opens=java.base/java.util=ALL-UNNAMED
23-Dec-2022 20:10:29.095 信息 [main] org.apache.catalina.startup.VersionLoggerListener.log 命令行参数：       --add-opens=java.base/java.util.concurrent=ALL-UNNAMED
23-Dec-2022 20:10:29.095 信息 [main] org.apache.catalina.startup.VersionLoggerListener.log 命令行参数：       --add-opens=java.rmi/sun.rmi.transport=ALL-UNNAMED
23-Dec-2022 20:10:29.095 信息 [main] org.apache.catalina.startup.VersionLoggerListener.log 命令行参数：       -Djava.util.logging.config.file=E:\apache-tomcat-8.5.84\conf\logging.properties
23-Dec-2022 20:10:29.096 信息 [main] org.apache.catalina.startup.VersionLoggerListener.log 命令行参数：       -Djava.util.logging.manager=org.apache.juli.ClassLoaderLogManager
23-Dec-2022 20:10:29.096 信息 [main] org.apache.catalina.startup.VersionLoggerListener.log 命令行参数：       -Djdk.tls.ephemeralDHKeySize=2048
23-Dec-2022 20:10:29.096 信息 [main] org.apache.catalina.startup.VersionLoggerListener.log 命令行参数：       -Djava.protocol.handler.pkgs=org.apache.catalina.webresources
23-Dec-2022 20:10:29.096 信息 [main] org.apache.catalina.startup.VersionLoggerListener.log 命令行参数：       -Dignore.endorsed.dirs=
23-Dec-2022 20:10:29.097 信息 [main] org.apache.catalina.startup.VersionLoggerListener.log 命令行参数：       -Dcatalina.base=E:\apache-tomcat-8.5.84
23-Dec-2022 20:10:29.097 信息 [main] org.apache.catalina.startup.VersionLoggerListener.log 命令行参数：       -Dcatalina.home=E:\apache-tomcat-8.5.84
23-Dec-2022 20:10:29.097 信息 [main] org.apache.catalina.startup.VersionLoggerListener.log 命令行参数：       -Djava.io.tmpdir=E:\apache-tomcat-8.5.84\temp
23-Dec-2022 20:10:29.097 信息 [main] org.apache.catalina.core.AprLifecycleListener.lifecycleEvent 使用APR版本[1.7.0]加载了基于APR的Apache Tomcat本机库[1.2.35]。
23-Dec-2022 20:10:29.098 信息 [main] org.apache.catalina.core.AprLifecycleListener.lifecycleEvent APR功能：IPv6[true]、sendfile[true]、accept filters[false]、random[true]、UDS [{4}]。
23-Dec-2022 20:10:29.098 信息 [main] org.apache.catalina.core.AprLifecycleListener.lifecycleEvent APR/OpenSSL配置：useAprConnector[false]，useOpenSSL[true]
23-Dec-2022 20:10:29.111 信息 [main] org.apache.catalina.core.AprLifecycleListener.initializeSSL OpenSSL成功初始化 [OpenSSL 1.1.1q  5 Jul 2022]
23-Dec-2022 20:10:29.163 信息 [main] org.apache.coyote.AbstractProtocol.init 初始化协议处理器 ["http-nio-8080"]
23-Dec-2022 20:10:29.190 信息 [main] org.apache.catalina.startup.Catalina.load Initialization processed in 606 ms
23-Dec-2022 20:10:29.238 信息 [main] org.apache.catalina.core.StandardService.startInternal 正在启动服务[Catalina]
23-Dec-2022 20:10:29.238 信息 [main] org.apache.catalina.core.StandardEngine.startInternal 正在启动 Servlet 引擎：[Apache Tomcat/8.5.84]
23-Dec-2022 20:10:29.275 严重 [Catalina-startStop-1] org.apache.catalina.core.ContainerBase.startInternal 子容器启动失败
	java.util.concurrent.ExecutionException: org.apache.catalina.LifecycleException: 无法启动组件[org.apache.catalina.webresources.StandardRoot@77e4b06b]
		at java.base/java.util.concurrent.FutureTask.report(FutureTask.java:122)
		at java.base/java.util.concurrent.FutureTask.get(FutureTask.java:191)
		at org.apache.catalina.core.ContainerBase.startInternal(ContainerBase.java:939)
		at org.apache.catalina.core.StandardHost.startInternal(StandardHost.java:833)
		at org.apache.catalina.util.LifecycleBase.start(LifecycleBase.java:183)
		at org.apache.catalina.core.ContainerBase$StartChild.call(ContainerBase.java:1424)
		at org.apache.catalina.core.ContainerBase$StartChild.call(ContainerBase.java:1414)
		at java.base/java.util.concurrent.FutureTask.run(FutureTask.java:264)
		at java.base/java.util.concurrent.ThreadPoolExecutor.runWorker(ThreadPoolExecutor.java:1130)
		at java.base/java.util.concurrent.ThreadPoolExecutor$Worker.run(ThreadPoolExecutor.java:630)
		at java.base/java.lang.Thread.run(Thread.java:832)
	Caused by: org.apache.catalina.LifecycleException: 无法启动组件[org.apache.catalina.webresources.StandardRoot@77e4b06b]
		at org.apache.catalina.util.LifecycleBase.handleSubClassException(LifecycleBase.java:440)
		at org.apache.catalina.util.LifecycleBase.start(LifecycleBase.java:198)
		at org.apache.catalina.core.StandardContext.resourcesStart(StandardContext.java:4876)
		at org.apache.catalina.core.StandardContext.startInternal(StandardContext.java:5014)
		... 7 more
	Caused by: java.lang.IllegalArgumentException: 指定的主资源集 [E:\demo\src\main\webapp] 无效
		at org.apache.catalina.webresources.StandardRoot.createMainResourceSet(StandardRoot.java:748)
		at org.apache.catalina.webresources.StandardRoot.startInternal(StandardRoot.java:705)
		at org.apache.catalina.util.LifecycleBase.start(LifecycleBase.java:183)
		... 9 more
23-Dec-2022 20:10:29.289 严重 [main] org.apache.catalina.core.ContainerBase.startInternal 子容器启动失败
	java.util.concurrent.ExecutionException: org.apache.catalina.LifecycleException: 子容器启动失败
		at java.base/java.util.concurrent.FutureTask.report(FutureTask.java:122)
		at java.base/java.util.concurrent.FutureTask.get(FutureTask.java:191)
		at org.apache.catalina.core.ContainerBase.startInternal(ContainerBase.java:939)
		at org.apache.catalina.core.StandardEngine.startInternal(StandardEngine.java:263)
		at org.apache.catalina.util.LifecycleBase.start(LifecycleBase.java:183)
		at org.apache.catalina.core.StandardService.startInternal(StandardService.java:432)
		at org.apache.catalina.util.LifecycleBase.start(LifecycleBase.java:183)
		at org.apache.catalina.core.StandardServer.startInternal(StandardServer.java:794)
		at org.apache.catalina.util.LifecycleBase.start(LifecycleBase.java:183)
		at org.apache.catalina.startup.Catalina.start(Catalina.java:695)
		at java.base/jdk.internal.reflect.NativeMethodAccessorImpl.invoke0(Native Method)
		at java.base/jdk.internal.reflect.NativeMethodAccessorImpl.invoke(NativeMethodAccessorImpl.java:62)
		at java.base/jdk.internal.reflect.DelegatingMethodAccessorImpl.invoke(DelegatingMethodAccessorImpl.java:43)
		at java.base/java.lang.reflect.Method.invoke(Method.java:564)
		at org.apache.catalina.startup.Bootstrap.start(Bootstrap.java:345)
		at org.apache.catalina.startup.Bootstrap.main(Bootstrap.java:476)
	Caused by: org.apache.catalina.LifecycleException: 子容器启动失败
		at org.apache.catalina.core.ContainerBase.startInternal(ContainerBase.java:951)
		at org.apache.catalina.core.StandardHost.startInternal(StandardHost.java:833)
		at org.apache.catalina.util.LifecycleBase.start(LifecycleBase.java:183)
		at org.apache.catalina.core.ContainerBase$StartChild.call(ContainerBase.java:1424)
		at org.apache.catalina.core.ContainerBase$StartChild.call(ContainerBase.java:1414)
		at java.base/java.util.concurrent.FutureTask.run(FutureTask.java:264)
		at java.base/java.util.concurrent.ThreadPoolExecutor.runWorker(ThreadPoolExecutor.java:1130)
		at java.base/java.util.concurrent.ThreadPoolExecutor$Worker.run(ThreadPoolExecutor.java:630)
		at java.base/java.lang.Thread.run(Thread.java:832)
	Caused by: java.util.concurrent.ExecutionException: org.apache.catalina.LifecycleException: 无法启动组件[org.apache.catalina.webresources.StandardRoot@77e4b06b]
		at java.base/java.util.concurrent.FutureTask.report(FutureTask.java:122)
		at java.base/java.util.concurrent.FutureTask.get(FutureTask.java:191)
		at org.apache.catalina.core.ContainerBase.startInternal(ContainerBase.java:939)
		... 8 more
	Caused by: org.apache.catalina.LifecycleException: 无法启动组件[org.apache.catalina.webresources.StandardRoot@77e4b06b]
		at org.apache.catalina.util.LifecycleBase.handleSubClassException(LifecycleBase.java:440)
		at org.apache.catalina.util.LifecycleBase.start(LifecycleBase.java:198)
		at org.apache.catalina.core.StandardContext.resourcesStart(StandardContext.java:4876)
		at org.apache.catalina.core.StandardContext.startInternal(StandardContext.java:5014)
		... 7 more
	Caused by: java.lang.IllegalArgumentException: 指定的主资源集 [E:\demo\src\main\webapp] 无效
		at org.apache.catalina.webresources.StandardRoot.createMainResourceSet(StandardRoot.java:748)
		at org.apache.catalina.webresources.StandardRoot.startInternal(StandardRoot.java:705)
		at org.apache.catalina.util.LifecycleBase.start(LifecycleBase.java:183)
		... 9 more
23-Dec-2022 20:10:29.297 严重 [main] org.apache.catalina.startup.Catalina.start 所必需的服务组件启动失败，所以无法启动Tomcat
	org.apache.catalina.LifecycleException: 子容器启动失败
		at org.apache.catalina.core.ContainerBase.startInternal(ContainerBase.java:951)
		at org.apache.catalina.core.StandardEngine.startInternal(StandardEngine.java:263)
		at org.apache.catalina.util.LifecycleBase.start(LifecycleBase.java:183)
		at org.apache.catalina.core.StandardService.startInternal(StandardService.java:432)
		at org.apache.catalina.util.LifecycleBase.start(LifecycleBase.java:183)
		at org.apache.catalina.core.StandardServer.startInternal(StandardServer.java:794)
		at org.apache.catalina.util.LifecycleBase.start(LifecycleBase.java:183)
		at org.apache.catalina.startup.Catalina.start(Catalina.java:695)
		at java.base/jdk.internal.reflect.NativeMethodAccessorImpl.invoke0(Native Method)
		at java.base/jdk.internal.reflect.NativeMethodAccessorImpl.invoke(NativeMethodAccessorImpl.java:62)
		at java.base/jdk.internal.reflect.DelegatingMethodAccessorImpl.invoke(DelegatingMethodAccessorImpl.java:43)
		at java.base/java.lang.reflect.Method.invoke(Method.java:564)
		at org.apache.catalina.startup.Bootstrap.start(Bootstrap.java:345)
		at org.apache.catalina.startup.Bootstrap.main(Bootstrap.java:476)
	Caused by: java.util.concurrent.ExecutionException: org.apache.catalina.LifecycleException: 子容器启动失败
		at java.base/java.util.concurrent.FutureTask.report(FutureTask.java:122)
		at java.base/java.util.concurrent.FutureTask.get(FutureTask.java:191)
		at org.apache.catalina.core.ContainerBase.startInternal(ContainerBase.java:939)
		... 13 more
	Caused by: org.apache.catalina.LifecycleException: 子容器启动失败
		at org.apache.catalina.core.ContainerBase.startInternal(ContainerBase.java:951)
		at org.apache.catalina.core.StandardHost.startInternal(StandardHost.java:833)
		at org.apache.catalina.util.LifecycleBase.start(LifecycleBase.java:183)
		at org.apache.catalina.core.ContainerBase$StartChild.call(ContainerBase.java:1424)
		at org.apache.catalina.core.ContainerBase$StartChild.call(ContainerBase.java:1414)
		at java.base/java.util.concurrent.FutureTask.run(FutureTask.java:264)
		at java.base/java.util.concurrent.ThreadPoolExecutor.runWorker(ThreadPoolExecutor.java:1130)
		at java.base/java.util.concurrent.ThreadPoolExecutor$Worker.run(ThreadPoolExecutor.java:630)
		at java.base/java.lang.Thread.run(Thread.java:832)
	Caused by: java.util.concurrent.ExecutionException: org.apache.catalina.LifecycleException: 无法启动组件[org.apache.catalina.webresources.StandardRoot@77e4b06b]
		at java.base/java.util.concurrent.FutureTask.report(FutureTask.java:122)
		at java.base/java.util.concurrent.FutureTask.get(FutureTask.java:191)
		at org.apache.catalina.core.ContainerBase.startInternal(ContainerBase.java:939)
		... 8 more
	Caused by: org.apache.catalina.LifecycleException: 无法启动组件[org.apache.catalina.webresources.StandardRoot@77e4b06b]
		at org.apache.catalina.util.LifecycleBase.handleSubClassException(LifecycleBase.java:440)
		at org.apache.catalina.util.LifecycleBase.start(LifecycleBase.java:198)
		at org.apache.catalina.core.StandardContext.resourcesStart(StandardContext.java:4876)
		at org.apache.catalina.core.StandardContext.startInternal(StandardContext.java:5014)
		... 7 more
	Caused by: java.lang.IllegalArgumentException: 指定的主资源集 [E:\demo\src\main\webapp] 无效
		at org.apache.catalina.webresources.StandardRoot.createMainResourceSet(StandardRoot.java:748)
		at org.apache.catalina.webresources.StandardRoot.startInternal(StandardRoot.java:705)
		at org.apache.catalina.util.LifecycleBase.start(LifecycleBase.java:183)
		... 9 more
23-Dec-2022 20:10:29.300 信息 [main] org.apache.coyote.AbstractProtocol.pause 暂停ProtocolHandler["http-nio-8080"]
23-Dec-2022 20:10:29.300 信息 [main] org.apache.catalina.core.StandardService.stopInternal 正在停止服务[Catalina]
23-Dec-2022 20:10:29.303 信息 [main] org.apache.coyote.AbstractProtocol.destroy 正在摧毁协议处理器 ["http-nio-8080"]
23-Dec-2022 20:10:34.316 信息 [main] org.apache.catalina.startup.VersionLoggerListener.log Server.服务器版本: Apache Tomcat/8.5.84
23-Dec-2022 20:10:34.323 信息 [main] org.apache.catalina.startup.VersionLoggerListener.log 服务器构建:        Nov 16 2022 13:34:24 UTC
23-Dec-2022 20:10:34.323 信息 [main] org.apache.catalina.startup.VersionLoggerListener.log 服务器版本号:      8.5.84.0
23-Dec-2022 20:10:34.324 信息 [main] org.apache.catalina.startup.VersionLoggerListener.log 操作系统名称:      Windows 10
23-Dec-2022 20:10:34.324 信息 [main] org.apache.catalina.startup.VersionLoggerListener.log OS.版本:           10.0
23-Dec-2022 20:10:34.324 信息 [main] org.apache.catalina.startup.VersionLoggerListener.log 架构:              amd64
23-Dec-2022 20:10:34.324 信息 [main] org.apache.catalina.startup.VersionLoggerListener.log Java 环境变量:     D:\Java\jdk-14.0.2
23-Dec-2022 20:10:34.324 信息 [main] org.apache.catalina.startup.VersionLoggerListener.log Java虚拟机版本:    14.0.2+12-46
23-Dec-2022 20:10:34.325 信息 [main] org.apache.catalina.startup.VersionLoggerListener.log JVM.供应商:        Oracle Corporation
23-Dec-2022 20:10:34.325 信息 [main] org.apache.catalina.startup.VersionLoggerListener.log CATALINA_BASE:     E:\apache-tomcat-8.5.84
23-Dec-2022 20:10:34.325 信息 [main] org.apache.catalina.startup.VersionLoggerListener.log CATALINA_HOME:     E:\apache-tomcat-8.5.84
23-Dec-2022 20:10:34.326 信息 [main] org.apache.catalina.startup.VersionLoggerListener.log 命令行参数：       --add-opens=java.base/java.lang=ALL-UNNAMED
23-Dec-2022 20:10:34.326 信息 [main] org.apache.catalina.startup.VersionLoggerListener.log 命令行参数：       --add-opens=java.base/java.io=ALL-UNNAMED
23-Dec-2022 20:10:34.326 信息 [main] org.apache.catalina.startup.VersionLoggerListener.log 命令行参数：       --add-opens=java.base/java.util=ALL-UNNAMED
23-Dec-2022 20:10:34.326 信息 [main] org.apache.catalina.startup.VersionLoggerListener.log 命令行参数：       --add-opens=java.base/java.util.concurrent=ALL-UNNAMED
23-Dec-2022 20:10:34.327 信息 [main] org.apache.catalina.startup.VersionLoggerListener.log 命令行参数：       --add-opens=java.rmi/sun.rmi.transport=ALL-UNNAMED
23-Dec-2022 20:10:34.328 信息 [main] org.apache.catalina.startup.VersionLoggerListener.log 命令行参数：       -Djava.util.logging.config.file=E:\apache-tomcat-8.5.84\conf\logging.properties
23-Dec-2022 20:10:34.328 信息 [main] org.apache.catalina.startup.VersionLoggerListener.log 命令行参数：       -Djava.util.logging.manager=org.apache.juli.ClassLoaderLogManager
23-Dec-2022 20:10:34.329 信息 [main] org.apache.catalina.startup.VersionLoggerListener.log 命令行参数：       -Djdk.tls.ephemeralDHKeySize=2048
23-Dec-2022 20:10:34.329 信息 [main] org.apache.catalina.startup.VersionLoggerListener.log 命令行参数：       -Djava.protocol.handler.pkgs=org.apache.catalina.webresources
23-Dec-2022 20:10:34.329 信息 [main] org.apache.catalina.startup.VersionLoggerListener.log 命令行参数：       -Dignore.endorsed.dirs=
23-Dec-2022 20:10:34.329 信息 [main] org.apache.catalina.startup.VersionLoggerListener.log 命令行参数：       -Dcatalina.base=E:\apache-tomcat-8.5.84
23-Dec-2022 20:10:34.330 信息 [main] org.apache.catalina.startup.VersionLoggerListener.log 命令行参数：       -Dcatalina.home=E:\apache-tomcat-8.5.84
23-Dec-2022 20:10:34.330 信息 [main] org.apache.catalina.startup.VersionLoggerListener.log 命令行参数：       -Djava.io.tmpdir=E:\apache-tomcat-8.5.84\temp
23-Dec-2022 20:10:34.330 信息 [main] org.apache.catalina.core.AprLifecycleListener.lifecycleEvent 使用APR版本[1.7.0]加载了基于APR的Apache Tomcat本机库[1.2.35]。
23-Dec-2022 20:10:34.330 信息 [main] org.apache.catalina.core.AprLifecycleListener.lifecycleEvent APR功能：IPv6[true]、sendfile[true]、accept filters[false]、random[true]、UDS [{4}]。
23-Dec-2022 20:10:34.331 信息 [main] org.apache.catalina.core.AprLifecycleListener.lifecycleEvent APR/OpenSSL配置：useAprConnector[false]，useOpenSSL[true]
23-Dec-2022 20:10:34.346 信息 [main] org.apache.catalina.core.AprLifecycleListener.initializeSSL OpenSSL成功初始化 [OpenSSL 1.1.1q  5 Jul 2022]
23-Dec-2022 20:10:34.416 信息 [main] org.apache.coyote.AbstractProtocol.init 初始化协议处理器 ["http-nio-8080"]
23-Dec-2022 20:10:34.456 信息 [main] org.apache.catalina.startup.Catalina.load Initialization processed in 669 ms
23-Dec-2022 20:10:34.512 信息 [main] org.apache.catalina.core.StandardService.startInternal 正在启动服务[Catalina]
23-Dec-2022 20:10:34.513 信息 [main] org.apache.catalina.core.StandardEngine.startInternal 正在启动 Servlet 引擎：[Apache Tomcat/8.5.84]
23-Dec-2022 20:10:34.566 严重 [Catalina-startStop-1] org.apache.catalina.core.ContainerBase.startInternal 子容器启动失败
	java.util.concurrent.ExecutionException: org.apache.catalina.LifecycleException: 无法启动组件[org.apache.catalina.webresources.StandardRoot@78605a5b]
		at java.base/java.util.concurrent.FutureTask.report(FutureTask.java:122)
		at java.base/java.util.concurrent.FutureTask.get(FutureTask.java:191)
		at org.apache.catalina.core.ContainerBase.startInternal(ContainerBase.java:939)
		at org.apache.catalina.core.StandardHost.startInternal(StandardHost.java:833)
		at org.apache.catalina.util.LifecycleBase.start(LifecycleBase.java:183)
		at org.apache.catalina.core.ContainerBase$StartChild.call(ContainerBase.java:1424)
		at org.apache.catalina.core.ContainerBase$StartChild.call(ContainerBase.java:1414)
		at java.base/java.util.concurrent.FutureTask.run(FutureTask.java:264)
		at java.base/java.util.concurrent.ThreadPoolExecutor.runWorker(ThreadPoolExecutor.java:1130)
		at java.base/java.util.concurrent.ThreadPoolExecutor$Worker.run(ThreadPoolExecutor.java:630)
		at java.base/java.lang.Thread.run(Thread.java:832)
	Caused by: org.apache.catalina.LifecycleException: 无法启动组件[org.apache.catalina.webresources.StandardRoot@78605a5b]
		at org.apache.catalina.util.LifecycleBase.handleSubClassException(LifecycleBase.java:440)
		at org.apache.catalina.util.LifecycleBase.start(LifecycleBase.java:198)
		at org.apache.catalina.core.StandardContext.resourcesStart(StandardContext.java:4876)
		at org.apache.catalina.core.StandardContext.startInternal(StandardContext.java:5014)
		... 7 more
	Caused by: java.lang.IllegalArgumentException: 指定的主资源集 [E:\demo\src\main\webapp] 无效
		at org.apache.catalina.webresources.StandardRoot.createMainResourceSet(StandardRoot.java:748)
		at org.apache.catalina.webresources.StandardRoot.startInternal(StandardRoot.java:705)
		at org.apache.catalina.util.LifecycleBase.start(LifecycleBase.java:183)
		... 9 more
23-Dec-2022 20:10:34.570 严重 [main] org.apache.catalina.core.ContainerBase.startInternal 子容器启动失败
	java.util.concurrent.ExecutionException: org.apache.catalina.LifecycleException: 子容器启动失败
		at java.base/java.util.concurrent.FutureTask.report(FutureTask.java:122)
		at java.base/java.util.concurrent.FutureTask.get(FutureTask.java:191)
		at org.apache.catalina.core.ContainerBase.startInternal(ContainerBase.java:939)
		at org.apache.catalina.core.StandardEngine.startInternal(StandardEngine.java:263)
		at org.apache.catalina.util.LifecycleBase.start(LifecycleBase.java:183)
		at org.apache.catalina.core.StandardService.startInternal(StandardService.java:432)
		at org.apache.catalina.util.LifecycleBase.start(LifecycleBase.java:183)
		at org.apache.catalina.core.StandardServer.startInternal(StandardServer.java:794)
		at org.apache.catalina.util.LifecycleBase.start(LifecycleBase.java:183)
		at org.apache.catalina.startup.Catalina.start(Catalina.java:695)
		at java.base/jdk.internal.reflect.NativeMethodAccessorImpl.invoke0(Native Method)
		at java.base/jdk.internal.reflect.NativeMethodAccessorImpl.invoke(NativeMethodAccessorImpl.java:62)
		at java.base/jdk.internal.reflect.DelegatingMethodAccessorImpl.invoke(DelegatingMethodAccessorImpl.java:43)
		at java.base/java.lang.reflect.Method.invoke(Method.java:564)
		at org.apache.catalina.startup.Bootstrap.start(Bootstrap.java:345)
		at org.apache.catalina.startup.Bootstrap.main(Bootstrap.java:476)
	Caused by: org.apache.catalina.LifecycleException: 子容器启动失败
		at org.apache.catalina.core.ContainerBase.startInternal(ContainerBase.java:951)
		at org.apache.catalina.core.StandardHost.startInternal(StandardHost.java:833)
		at org.apache.catalina.util.LifecycleBase.start(LifecycleBase.java:183)
		at org.apache.catalina.core.ContainerBase$StartChild.call(ContainerBase.java:1424)
		at org.apache.catalina.core.ContainerBase$StartChild.call(ContainerBase.java:1414)
		at java.base/java.util.concurrent.FutureTask.run(FutureTask.java:264)
		at java.base/java.util.concurrent.ThreadPoolExecutor.runWorker(ThreadPoolExecutor.java:1130)
		at java.base/java.util.concurrent.ThreadPoolExecutor$Worker.run(ThreadPoolExecutor.java:630)
		at java.base/java.lang.Thread.run(Thread.java:832)
	Caused by: java.util.concurrent.ExecutionException: org.apache.catalina.LifecycleException: 无法启动组件[org.apache.catalina.webresources.StandardRoot@78605a5b]
		at java.base/java.util.concurrent.FutureTask.report(FutureTask.java:122)
		at java.base/java.util.concurrent.FutureTask.get(FutureTask.java:191)
		at org.apache.catalina.core.ContainerBase.startInternal(ContainerBase.java:939)
		... 8 more
	Caused by: org.apache.catalina.LifecycleException: 无法启动组件[org.apache.catalina.webresources.StandardRoot@78605a5b]
		at org.apache.catalina.util.LifecycleBase.handleSubClassException(LifecycleBase.java:440)
		at org.apache.catalina.util.LifecycleBase.start(LifecycleBase.java:198)
		at org.apache.catalina.core.StandardContext.resourcesStart(StandardContext.java:4876)
		at org.apache.catalina.core.StandardContext.startInternal(StandardContext.java:5014)
		... 7 more
	Caused by: java.lang.IllegalArgumentException: 指定的主资源集 [E:\demo\src\main\webapp] 无效
		at org.apache.catalina.webresources.StandardRoot.createMainResourceSet(StandardRoot.java:748)
		at org.apache.catalina.webresources.StandardRoot.startInternal(StandardRoot.java:705)
		at org.apache.catalina.util.LifecycleBase.start(LifecycleBase.java:183)
		... 9 more
23-Dec-2022 20:10:34.573 严重 [main] org.apache.catalina.startup.Catalina.start 所必需的服务组件启动失败，所以无法启动Tomcat
	org.apache.catalina.LifecycleException: 子容器启动失败
		at org.apache.catalina.core.ContainerBase.startInternal(ContainerBase.java:951)
		at org.apache.catalina.core.StandardEngine.startInternal(StandardEngine.java:263)
		at org.apache.catalina.util.LifecycleBase.start(LifecycleBase.java:183)
		at org.apache.catalina.core.StandardService.startInternal(StandardService.java:432)
		at org.apache.catalina.util.LifecycleBase.start(LifecycleBase.java:183)
		at org.apache.catalina.core.StandardServer.startInternal(StandardServer.java:794)
		at org.apache.catalina.util.LifecycleBase.start(LifecycleBase.java:183)
		at org.apache.catalina.startup.Catalina.start(Catalina.java:695)
		at java.base/jdk.internal.reflect.NativeMethodAccessorImpl.invoke0(Native Method)
		at java.base/jdk.internal.reflect.NativeMethodAccessorImpl.invoke(NativeMethodAccessorImpl.java:62)
		at java.base/jdk.internal.reflect.DelegatingMethodAccessorImpl.invoke(DelegatingMethodAccessorImpl.java:43)
		at java.base/java.lang.reflect.Method.invoke(Method.java:564)
		at org.apache.catalina.startup.Bootstrap.start(Bootstrap.java:345)
		at org.apache.catalina.startup.Bootstrap.main(Bootstrap.java:476)
	Caused by: java.util.concurrent.ExecutionException: org.apache.catalina.LifecycleException: 子容器启动失败
		at java.base/java.util.concurrent.FutureTask.report(FutureTask.java:122)
		at java.base/java.util.concurrent.FutureTask.get(FutureTask.java:191)
		at org.apache.catalina.core.ContainerBase.startInternal(ContainerBase.java:939)
		... 13 more
	Caused by: org.apache.catalina.LifecycleException: 子容器启动失败
		at org.apache.catalina.core.ContainerBase.startInternal(ContainerBase.java:951)
		at org.apache.catalina.core.StandardHost.startInternal(StandardHost.java:833)
		at org.apache.catalina.util.LifecycleBase.start(LifecycleBase.java:183)
		at org.apache.catalina.core.ContainerBase$StartChild.call(ContainerBase.java:1424)
		at org.apache.catalina.core.ContainerBase$StartChild.call(ContainerBase.java:1414)
		at java.base/java.util.concurrent.FutureTask.run(FutureTask.java:264)
		at java.base/java.util.concurrent.ThreadPoolExecutor.runWorker(ThreadPoolExecutor.java:1130)
		at java.base/java.util.concurrent.ThreadPoolExecutor$Worker.run(ThreadPoolExecutor.java:630)
		at java.base/java.lang.Thread.run(Thread.java:832)
	Caused by: java.util.concurrent.ExecutionException: org.apache.catalina.LifecycleException: 无法启动组件[org.apache.catalina.webresources.StandardRoot@78605a5b]
		at java.base/java.util.concurrent.FutureTask.report(FutureTask.java:122)
		at java.base/java.util.concurrent.FutureTask.get(FutureTask.java:191)
		at org.apache.catalina.core.ContainerBase.startInternal(ContainerBase.java:939)
		... 8 more
	Caused by: org.apache.catalina.LifecycleException: 无法启动组件[org.apache.catalina.webresources.StandardRoot@78605a5b]
		at org.apache.catalina.util.LifecycleBase.handleSubClassException(LifecycleBase.java:440)
		at org.apache.catalina.util.LifecycleBase.start(LifecycleBase.java:198)
		at org.apache.catalina.core.StandardContext.resourcesStart(StandardContext.java:4876)
		at org.apache.catalina.core.StandardContext.startInternal(StandardContext.java:5014)
		... 7 more
	Caused by: java.lang.IllegalArgumentException: 指定的主资源集 [E:\demo\src\main\webapp] 无效
		at org.apache.catalina.webresources.StandardRoot.createMainResourceSet(StandardRoot.java:748)
		at org.apache.catalina.webresources.StandardRoot.startInternal(StandardRoot.java:705)
		at org.apache.catalina.util.LifecycleBase.start(LifecycleBase.java:183)
		... 9 more
23-Dec-2022 20:10:34.576 信息 [main] org.apache.coyote.AbstractProtocol.pause 暂停ProtocolHandler["http-nio-8080"]
23-Dec-2022 20:10:34.576 信息 [main] org.apache.catalina.core.StandardService.stopInternal 正在停止服务[Catalina]
23-Dec-2022 20:10:34.578 信息 [main] org.apache.coyote.AbstractProtocol.destroy 正在摧毁协议处理器 ["http-nio-8080"]
23-Dec-2022 20:10:42.576 信息 [main] org.apache.catalina.startup.VersionLoggerListener.log Server.服务器版本: Apache Tomcat/8.5.84
23-Dec-2022 20:10:42.580 信息 [main] org.apache.catalina.startup.VersionLoggerListener.log 服务器构建:        Nov 16 2022 13:34:24 UTC
23-Dec-2022 20:10:42.580 信息 [main] org.apache.catalina.startup.VersionLoggerListener.log 服务器版本号:      8.5.84.0
23-Dec-2022 20:10:42.580 信息 [main] org.apache.catalina.startup.VersionLoggerListener.log 操作系统名称:      Windows 10
23-Dec-2022 20:10:42.581 信息 [main] org.apache.catalina.startup.VersionLoggerListener.log OS.版本:           10.0
23-Dec-2022 20:10:42.581 信息 [main] org.apache.catalina.startup.VersionLoggerListener.log 架构:              amd64
23-Dec-2022 20:10:42.581 信息 [main] org.apache.catalina.startup.VersionLoggerListener.log Java 环境变量:     D:\Java\jdk-14.0.2
23-Dec-2022 20:10:42.581 信息 [main] org.apache.catalina.startup.VersionLoggerListener.log Java虚拟机版本:    14.0.2+12-46
23-Dec-2022 20:10:42.581 信息 [main] org.apache.catalina.startup.VersionLoggerListener.log JVM.供应商:        Oracle Corporation
23-Dec-2022 20:10:42.582 信息 [main] org.apache.catalina.startup.VersionLoggerListener.log CATALINA_BASE:     E:\apache-tomcat-8.5.84
23-Dec-2022 20:10:42.582 信息 [main] org.apache.catalina.startup.VersionLoggerListener.log CATALINA_HOME:     E:\apache-tomcat-8.5.84
23-Dec-2022 20:10:42.583 信息 [main] org.apache.catalina.startup.VersionLoggerListener.log 命令行参数：       --add-opens=java.base/java.lang=ALL-UNNAMED
23-Dec-2022 20:10:42.583 信息 [main] org.apache.catalina.startup.VersionLoggerListener.log 命令行参数：       --add-opens=java.base/java.io=ALL-UNNAMED
23-Dec-2022 20:10:42.583 信息 [main] org.apache.catalina.startup.VersionLoggerListener.log 命令行参数：       --add-opens=java.base/java.util=ALL-UNNAMED
23-Dec-2022 20:10:42.584 信息 [main] org.apache.catalina.startup.VersionLoggerListener.log 命令行参数：       --add-opens=java.base/java.util.concurrent=ALL-UNNAMED
23-Dec-2022 20:10:42.584 信息 [main] org.apache.catalina.startup.VersionLoggerListener.log 命令行参数：       --add-opens=java.rmi/sun.rmi.transport=ALL-UNNAMED
23-Dec-2022 20:10:42.584 信息 [main] org.apache.catalina.startup.VersionLoggerListener.log 命令行参数：       -Djava.util.logging.config.file=E:\apache-tomcat-8.5.84\conf\logging.properties
23-Dec-2022 20:10:42.585 信息 [main] org.apache.catalina.startup.VersionLoggerListener.log 命令行参数：       -Djava.util.logging.manager=org.apache.juli.ClassLoaderLogManager
23-Dec-2022 20:10:42.585 信息 [main] org.apache.catalina.startup.VersionLoggerListener.log 命令行参数：       -Djdk.tls.ephemeralDHKeySize=2048
23-Dec-2022 20:10:42.585 信息 [main] org.apache.catalina.startup.VersionLoggerListener.log 命令行参数：       -Djava.protocol.handler.pkgs=org.apache.catalina.webresources
23-Dec-2022 20:10:42.586 信息 [main] org.apache.catalina.startup.VersionLoggerListener.log 命令行参数：       -Dignore.endorsed.dirs=
23-Dec-2022 20:10:42.586 信息 [main] org.apache.catalina.startup.VersionLoggerListener.log 命令行参数：       -Dcatalina.base=E:\apache-tomcat-8.5.84
23-Dec-2022 20:10:42.586 信息 [main] org.apache.catalina.startup.VersionLoggerListener.log 命令行参数：       -Dcatalina.home=E:\apache-tomcat-8.5.84
23-Dec-2022 20:10:42.586 信息 [main] org.apache.catalina.startup.VersionLoggerListener.log 命令行参数：       -Djava.io.tmpdir=E:\apache-tomcat-8.5.84\temp
23-Dec-2022 20:10:42.586 信息 [main] org.apache.catalina.core.AprLifecycleListener.lifecycleEvent 使用APR版本[1.7.0]加载了基于APR的Apache Tomcat本机库[1.2.35]。
23-Dec-2022 20:10:42.587 信息 [main] org.apache.catalina.core.AprLifecycleListener.lifecycleEvent APR功能：IPv6[true]、sendfile[true]、accept filters[false]、random[true]、UDS [{4}]。
23-Dec-2022 20:10:42.587 信息 [main] org.apache.catalina.core.AprLifecycleListener.lifecycleEvent APR/OpenSSL配置：useAprConnector[false]，useOpenSSL[true]
23-Dec-2022 20:10:42.600 信息 [main] org.apache.catalina.core.AprLifecycleListener.initializeSSL OpenSSL成功初始化 [OpenSSL 1.1.1q  5 Jul 2022]
23-Dec-2022 20:10:42.650 信息 [main] org.apache.coyote.AbstractProtocol.init 初始化协议处理器 ["http-nio-8080"]
23-Dec-2022 20:10:42.678 信息 [main] org.apache.catalina.startup.Catalina.load Initialization processed in 563 ms
23-Dec-2022 20:10:42.720 信息 [main] org.apache.catalina.core.StandardService.startInternal 正在启动服务[Catalina]
23-Dec-2022 20:10:42.720 信息 [main] org.apache.catalina.core.StandardEngine.startInternal 正在启动 Servlet 引擎：[Apache Tomcat/8.5.84]
23-Dec-2022 20:10:42.749 严重 [Catalina-startStop-1] org.apache.catalina.core.ContainerBase.startInternal 子容器启动失败
	java.util.concurrent.ExecutionException: org.apache.catalina.LifecycleException: 无法启动组件[org.apache.catalina.webresources.StandardRoot@77e4b06b]
		at java.base/java.util.concurrent.FutureTask.report(FutureTask.java:122)
		at java.base/java.util.concurrent.FutureTask.get(FutureTask.java:191)
		at org.apache.catalina.core.ContainerBase.startInternal(ContainerBase.java:939)
		at org.apache.catalina.core.StandardHost.startInternal(StandardHost.java:833)
		at org.apache.catalina.util.LifecycleBase.start(LifecycleBase.java:183)
		at org.apache.catalina.core.ContainerBase$StartChild.call(ContainerBase.java:1424)
		at org.apache.catalina.core.ContainerBase$StartChild.call(ContainerBase.java:1414)
		at java.base/java.util.concurrent.FutureTask.run(FutureTask.java:264)
		at java.base/java.util.concurrent.ThreadPoolExecutor.runWorker(ThreadPoolExecutor.java:1130)
		at java.base/java.util.concurrent.ThreadPoolExecutor$Worker.run(ThreadPoolExecutor.java:630)
		at java.base/java.lang.Thread.run(Thread.java:832)
	Caused by: org.apache.catalina.LifecycleException: 无法启动组件[org.apache.catalina.webresources.StandardRoot@77e4b06b]
		at org.apache.catalina.util.LifecycleBase.handleSubClassException(LifecycleBase.java:440)
		at org.apache.catalina.util.LifecycleBase.start(LifecycleBase.java:198)
		at org.apache.catalina.core.StandardContext.resourcesStart(StandardContext.java:4876)
		at org.apache.catalina.core.StandardContext.startInternal(StandardContext.java:5014)
		... 7 more
	Caused by: java.lang.IllegalArgumentException: 指定的主资源集 [E:\demo\src\main\webapp] 无效
		at org.apache.catalina.webresources.StandardRoot.createMainResourceSet(StandardRoot.java:748)
		at org.apache.catalina.webresources.StandardRoot.startInternal(StandardRoot.java:705)
		at org.apache.catalina.util.LifecycleBase.start(LifecycleBase.java:183)
		... 9 more
23-Dec-2022 20:10:42.753 严重 [main] org.apache.catalina.core.ContainerBase.startInternal 子容器启动失败
	java.util.concurrent.ExecutionException: org.apache.catalina.LifecycleException: 子容器启动失败
		at java.base/java.util.concurrent.FutureTask.report(FutureTask.java:122)
		at java.base/java.util.concurrent.FutureTask.get(FutureTask.java:191)
		at org.apache.catalina.core.ContainerBase.startInternal(ContainerBase.java:939)
		at org.apache.catalina.core.StandardEngine.startInternal(StandardEngine.java:263)
		at org.apache.catalina.util.LifecycleBase.start(LifecycleBase.java:183)
		at org.apache.catalina.core.StandardService.startInternal(StandardService.java:432)
		at org.apache.catalina.util.LifecycleBase.start(LifecycleBase.java:183)
		at org.apache.catalina.core.StandardServer.startInternal(StandardServer.java:794)
		at org.apache.catalina.util.LifecycleBase.start(LifecycleBase.java:183)
		at org.apache.catalina.startup.Catalina.start(Catalina.java:695)
		at java.base/jdk.internal.reflect.NativeMethodAccessorImpl.invoke0(Native Method)
		at java.base/jdk.internal.reflect.NativeMethodAccessorImpl.invoke(NativeMethodAccessorImpl.java:62)
		at java.base/jdk.internal.reflect.DelegatingMethodAccessorImpl.invoke(DelegatingMethodAccessorImpl.java:43)
		at java.base/java.lang.reflect.Method.invoke(Method.java:564)
		at org.apache.catalina.startup.Bootstrap.start(Bootstrap.java:345)
		at org.apache.catalina.startup.Bootstrap.main(Bootstrap.java:476)
	Caused by: org.apache.catalina.LifecycleException: 子容器启动失败
		at org.apache.catalina.core.ContainerBase.startInternal(ContainerBase.java:951)
		at org.apache.catalina.core.StandardHost.startInternal(StandardHost.java:833)
		at org.apache.catalina.util.LifecycleBase.start(LifecycleBase.java:183)
		at org.apache.catalina.core.ContainerBase$StartChild.call(ContainerBase.java:1424)
		at org.apache.catalina.core.ContainerBase$StartChild.call(ContainerBase.java:1414)
		at java.base/java.util.concurrent.FutureTask.run(FutureTask.java:264)
		at java.base/java.util.concurrent.ThreadPoolExecutor.runWorker(ThreadPoolExecutor.java:1130)
		at java.base/java.util.concurrent.ThreadPoolExecutor$Worker.run(ThreadPoolExecutor.java:630)
		at java.base/java.lang.Thread.run(Thread.java:832)
	Caused by: java.util.concurrent.ExecutionException: org.apache.catalina.LifecycleException: 无法启动组件[org.apache.catalina.webresources.StandardRoot@77e4b06b]
		at java.base/java.util.concurrent.FutureTask.report(FutureTask.java:122)
		at java.base/java.util.concurrent.FutureTask.get(FutureTask.java:191)
		at org.apache.catalina.core.ContainerBase.startInternal(ContainerBase.java:939)
		... 8 more
	Caused by: org.apache.catalina.LifecycleException: 无法启动组件[org.apache.catalina.webresources.StandardRoot@77e4b06b]
		at org.apache.catalina.util.LifecycleBase.handleSubClassException(LifecycleBase.java:440)
		at org.apache.catalina.util.LifecycleBase.start(LifecycleBase.java:198)
		at org.apache.catalina.core.StandardContext.resourcesStart(StandardContext.java:4876)
		at org.apache.catalina.core.StandardContext.startInternal(StandardContext.java:5014)
		... 7 more
	Caused by: java.lang.IllegalArgumentException: 指定的主资源集 [E:\demo\src\main\webapp] 无效
		at org.apache.catalina.webresources.StandardRoot.createMainResourceSet(StandardRoot.java:748)
		at org.apache.catalina.webresources.StandardRoot.startInternal(StandardRoot.java:705)
		at org.apache.catalina.util.LifecycleBase.start(LifecycleBase.java:183)
		... 9 more
23-Dec-2022 20:10:42.756 严重 [main] org.apache.catalina.startup.Catalina.start 所必需的服务组件启动失败，所以无法启动Tomcat
	org.apache.catalina.LifecycleException: 子容器启动失败
		at org.apache.catalina.core.ContainerBase.startInternal(ContainerBase.java:951)
		at org.apache.catalina.core.StandardEngine.startInternal(StandardEngine.java:263)
		at org.apache.catalina.util.LifecycleBase.start(LifecycleBase.java:183)
		at org.apache.catalina.core.StandardService.startInternal(StandardService.java:432)
		at org.apache.catalina.util.LifecycleBase.start(LifecycleBase.java:183)
		at org.apache.catalina.core.StandardServer.startInternal(StandardServer.java:794)
		at org.apache.catalina.util.LifecycleBase.start(LifecycleBase.java:183)
		at org.apache.catalina.startup.Catalina.start(Catalina.java:695)
		at java.base/jdk.internal.reflect.NativeMethodAccessorImpl.invoke0(Native Method)
		at java.base/jdk.internal.reflect.NativeMethodAccessorImpl.invoke(NativeMethodAccessorImpl.java:62)
		at java.base/jdk.internal.reflect.DelegatingMethodAccessorImpl.invoke(DelegatingMethodAccessorImpl.java:43)
		at java.base/java.lang.reflect.Method.invoke(Method.java:564)
		at org.apache.catalina.startup.Bootstrap.start(Bootstrap.java:345)
		at org.apache.catalina.startup.Bootstrap.main(Bootstrap.java:476)
	Caused by: java.util.concurrent.ExecutionException: org.apache.catalina.LifecycleException: 子容器启动失败
		at java.base/java.util.concurrent.FutureTask.report(FutureTask.java:122)
		at java.base/java.util.concurrent.FutureTask.get(FutureTask.java:191)
		at org.apache.catalina.core.ContainerBase.startInternal(ContainerBase.java:939)
		... 13 more
	Caused by: org.apache.catalina.LifecycleException: 子容器启动失败
		at org.apache.catalina.core.ContainerBase.startInternal(ContainerBase.java:951)
		at org.apache.catalina.core.StandardHost.startInternal(StandardHost.java:833)
		at org.apache.catalina.util.LifecycleBase.start(LifecycleBase.java:183)
		at org.apache.catalina.core.ContainerBase$StartChild.call(ContainerBase.java:1424)
		at org.apache.catalina.core.ContainerBase$StartChild.call(ContainerBase.java:1414)
		at java.base/java.util.concurrent.FutureTask.run(FutureTask.java:264)
		at java.base/java.util.concurrent.ThreadPoolExecutor.runWorker(ThreadPoolExecutor.java:1130)
		at java.base/java.util.concurrent.ThreadPoolExecutor$Worker.run(ThreadPoolExecutor.java:630)
		at java.base/java.lang.Thread.run(Thread.java:832)
	Caused by: java.util.concurrent.ExecutionException: org.apache.catalina.LifecycleException: 无法启动组件[org.apache.catalina.webresources.StandardRoot@77e4b06b]
		at java.base/java.util.concurrent.FutureTask.report(FutureTask.java:122)
		at java.base/java.util.concurrent.FutureTask.get(FutureTask.java:191)
		at org.apache.catalina.core.ContainerBase.startInternal(ContainerBase.java:939)
		... 8 more
	Caused by: org.apache.catalina.LifecycleException: 无法启动组件[org.apache.catalina.webresources.StandardRoot@77e4b06b]
		at org.apache.catalina.util.LifecycleBase.handleSubClassException(LifecycleBase.java:440)
		at org.apache.catalina.util.LifecycleBase.start(LifecycleBase.java:198)
		at org.apache.catalina.core.StandardContext.resourcesStart(StandardContext.java:4876)
		at org.apache.catalina.core.StandardContext.startInternal(StandardContext.java:5014)
		... 7 more
	Caused by: java.lang.IllegalArgumentException: 指定的主资源集 [E:\demo\src\main\webapp] 无效
		at org.apache.catalina.webresources.StandardRoot.createMainResourceSet(StandardRoot.java:748)
		at org.apache.catalina.webresources.StandardRoot.startInternal(StandardRoot.java:705)
		at org.apache.catalina.util.LifecycleBase.start(LifecycleBase.java:183)
		... 9 more
23-Dec-2022 20:10:42.758 信息 [main] org.apache.coyote.AbstractProtocol.pause 暂停ProtocolHandler["http-nio-8080"]
23-Dec-2022 20:10:42.758 信息 [main] org.apache.catalina.core.StandardService.stopInternal 正在停止服务[Catalina]
23-Dec-2022 20:10:42.760 信息 [main] org.apache.coyote.AbstractProtocol.destroy 正在摧毁协议处理器 ["http-nio-8080"]
23-Dec-2022 20:11:49.664 信息 [main] org.apache.catalina.startup.VersionLoggerListener.log Server.服务器版本: Apache Tomcat/8.5.84
23-Dec-2022 20:11:49.668 信息 [main] org.apache.catalina.startup.VersionLoggerListener.log 服务器构建:        Nov 16 2022 13:34:24 UTC
23-Dec-2022 20:11:49.668 信息 [main] org.apache.catalina.startup.VersionLoggerListener.log 服务器版本号:      8.5.84.0
23-Dec-2022 20:11:49.669 信息 [main] org.apache.catalina.startup.VersionLoggerListener.log 操作系统名称:      Windows 10
23-Dec-2022 20:11:49.669 信息 [main] org.apache.catalina.startup.VersionLoggerListener.log OS.版本:           10.0
23-Dec-2022 20:11:49.669 信息 [main] org.apache.catalina.startup.VersionLoggerListener.log 架构:              amd64
23-Dec-2022 20:11:49.669 信息 [main] org.apache.catalina.startup.VersionLoggerListener.log Java 环境变量:     D:\Java\jdk-14.0.2
23-Dec-2022 20:11:49.670 信息 [main] org.apache.catalina.startup.VersionLoggerListener.log Java虚拟机版本:    14.0.2+12-46
23-Dec-2022 20:11:49.670 信息 [main] org.apache.catalina.startup.VersionLoggerListener.log JVM.供应商:        Oracle Corporation
23-Dec-2022 20:11:49.670 信息 [main] org.apache.catalina.startup.VersionLoggerListener.log CATALINA_BASE:     E:\apache-tomcat-8.5.84
23-Dec-2022 20:11:49.670 信息 [main] org.apache.catalina.startup.VersionLoggerListener.log CATALINA_HOME:     E:\apache-tomcat-8.5.84
23-Dec-2022 20:11:49.671 信息 [main] org.apache.catalina.startup.VersionLoggerListener.log 命令行参数：       --add-opens=java.base/java.lang=ALL-UNNAMED
23-Dec-2022 20:11:49.671 信息 [main] org.apache.catalina.startup.VersionLoggerListener.log 命令行参数：       --add-opens=java.base/java.io=ALL-UNNAMED
23-Dec-2022 20:11:49.671 信息 [main] org.apache.catalina.startup.VersionLoggerListener.log 命令行参数：       --add-opens=java.base/java.util=ALL-UNNAMED
23-Dec-2022 20:11:49.671 信息 [main] org.apache.catalina.startup.VersionLoggerListener.log 命令行参数：       --add-opens=java.base/java.util.concurrent=ALL-UNNAMED
23-Dec-2022 20:11:49.671 信息 [main] org.apache.catalina.startup.VersionLoggerListener.log 命令行参数：       --add-opens=java.rmi/sun.rmi.transport=ALL-UNNAMED
23-Dec-2022 20:11:49.672 信息 [main] org.apache.catalina.startup.VersionLoggerListener.log 命令行参数：       -Djava.util.logging.config.file=E:\apache-tomcat-8.5.84\conf\logging.properties
23-Dec-2022 20:11:49.672 信息 [main] org.apache.catalina.startup.VersionLoggerListener.log 命令行参数：       -Djava.util.logging.manager=org.apache.juli.ClassLoaderLogManager
23-Dec-2022 20:11:49.673 信息 [main] org.apache.catalina.startup.VersionLoggerListener.log 命令行参数：       -Djdk.tls.ephemeralDHKeySize=2048
23-Dec-2022 20:11:49.673 信息 [main] org.apache.catalina.startup.VersionLoggerListener.log 命令行参数：       -Djava.protocol.handler.pkgs=org.apache.catalina.webresources
23-Dec-2022 20:11:49.673 信息 [main] org.apache.catalina.startup.VersionLoggerListener.log 命令行参数：       -Dignore.endorsed.dirs=
23-Dec-2022 20:11:49.674 信息 [main] org.apache.catalina.startup.VersionLoggerListener.log 命令行参数：       -Dcatalina.base=E:\apache-tomcat-8.5.84
23-Dec-2022 20:11:49.674 信息 [main] org.apache.catalina.startup.VersionLoggerListener.log 命令行参数：       -Dcatalina.home=E:\apache-tomcat-8.5.84
23-Dec-2022 20:11:49.674 信息 [main] org.apache.catalina.startup.VersionLoggerListener.log 命令行参数：       -Djava.io.tmpdir=E:\apache-tomcat-8.5.84\temp
23-Dec-2022 20:11:49.674 信息 [main] org.apache.catalina.core.AprLifecycleListener.lifecycleEvent 使用APR版本[1.7.0]加载了基于APR的Apache Tomcat本机库[1.2.35]。
23-Dec-2022 20:11:49.675 信息 [main] org.apache.catalina.core.AprLifecycleListener.lifecycleEvent APR功能：IPv6[true]、sendfile[true]、accept filters[false]、random[true]、UDS [{4}]。
23-Dec-2022 20:11:49.675 信息 [main] org.apache.catalina.core.AprLifecycleListener.lifecycleEvent APR/OpenSSL配置：useAprConnector[false]，useOpenSSL[true]
23-Dec-2022 20:11:49.685 信息 [main] org.apache.catalina.core.AprLifecycleListener.initializeSSL OpenSSL成功初始化 [OpenSSL 1.1.1q  5 Jul 2022]
23-Dec-2022 20:11:49.734 信息 [main] org.apache.coyote.AbstractProtocol.init 初始化协议处理器 ["http-nio-8080"]
23-Dec-2022 20:11:49.760 信息 [main] org.apache.catalina.startup.Catalina.load Initialization processed in 603 ms
23-Dec-2022 20:11:49.799 信息 [main] org.apache.catalina.core.StandardService.startInternal 正在启动服务[Catalina]
23-Dec-2022 20:11:49.799 信息 [main] org.apache.catalina.core.StandardEngine.startInternal 正在启动 Servlet 引擎：[Apache Tomcat/8.5.84]
23-Dec-2022 20:11:49.946 警告 [localhost-startStop-1] org.apache.tomcat.util.descriptor.web.WebXml.setVersion 未知版本字符串 [4.0]。将使用默认版本。
23-Dec-2022 20:11:50.584 信息 [localhost-startStop-1] org.apache.jasper.servlet.TldScanner.scanJars 至少有一个JAR被扫描用于TLD但尚未包含TLD。 为此记录器启用调试日志记录，以获取已扫描但未在其中找到TLD的完整JAR列表。 在扫描期间跳过不需要的JAR可以缩短启动时间和JSP编译时间。
23-Dec-2022 20:11:50.684 信息 [localhost-startStop-1] org.apache.catalina.startup.HostConfig.deployDirectory 把web 应用程序部署到目录 [E:\apache-tomcat-8.5.84\webapps\docs]
23-Dec-2022 20:11:51.092 信息 [localhost-startStop-1] org.apache.jasper.servlet.TldScanner.scanJars 至少有一个JAR被扫描用于TLD但尚未包含TLD。 为此记录器启用调试日志记录，以获取已扫描但未在其中找到TLD的完整JAR列表。 在扫描期间跳过不需要的JAR可以缩短启动时间和JSP编译时间。
23-Dec-2022 20:11:51.098 信息 [localhost-startStop-1] org.apache.catalina.startup.HostConfig.deployDirectory Web应用程序目录[E:\apache-tomcat-8.5.84\webapps\docs]的部署已在[412]毫秒内完成
23-Dec-2022 20:11:51.098 信息 [localhost-startStop-1] org.apache.catalina.startup.HostConfig.deployDirectory 把web 应用程序部署到目录 [E:\apache-tomcat-8.5.84\webapps\examples]
23-Dec-2022 20:11:51.879 信息 [localhost-startStop-1] org.apache.jasper.servlet.TldScanner.scanJars 至少有一个JAR被扫描用于TLD但尚未包含TLD。 为此记录器启用调试日志记录，以获取已扫描但未在其中找到TLD的完整JAR列表。 在扫描期间跳过不需要的JAR可以缩短启动时间和JSP编译时间。
23-Dec-2022 20:11:51.943 信息 [localhost-startStop-1] org.apache.catalina.startup.HostConfig.deployDirectory Web应用程序目录[E:\apache-tomcat-8.5.84\webapps\examples]的部署已在[845]毫秒内完成
23-Dec-2022 20:11:51.943 信息 [localhost-startStop-1] org.apache.catalina.startup.HostConfig.deployDirectory 把web 应用程序部署到目录 [E:\apache-tomcat-8.5.84\webapps\host-manager]
23-Dec-2022 20:11:52.383 信息 [localhost-startStop-1] org.apache.jasper.servlet.TldScanner.scanJars 至少有一个JAR被扫描用于TLD但尚未包含TLD。 为此记录器启用调试日志记录，以获取已扫描但未在其中找到TLD的完整JAR列表。 在扫描期间跳过不需要的JAR可以缩短启动时间和JSP编译时间。
23-Dec-2022 20:11:52.390 信息 [localhost-startStop-1] org.apache.catalina.startup.HostConfig.deployDirectory Web应用程序目录[E:\apache-tomcat-8.5.84\webapps\host-manager]的部署已在[447]毫秒内完成
23-Dec-2022 20:11:52.390 信息 [localhost-startStop-1] org.apache.catalina.startup.HostConfig.deployDirectory 把web 应用程序部署到目录 [E:\apache-tomcat-8.5.84\webapps\manager]
23-Dec-2022 20:11:52.836 信息 [localhost-startStop-1] org.apache.jasper.servlet.TldScanner.scanJars 至少有一个JAR被扫描用于TLD但尚未包含TLD。 为此记录器启用调试日志记录，以获取已扫描但未在其中找到TLD的完整JAR列表。 在扫描期间跳过不需要的JAR可以缩短启动时间和JSP编译时间。
23-Dec-2022 20:11:52.840 信息 [localhost-startStop-1] org.apache.catalina.startup.HostConfig.deployDirectory Web应用程序目录[E:\apache-tomcat-8.5.84\webapps\manager]的部署已在[450]毫秒内完成
23-Dec-2022 20:11:52.840 信息 [localhost-startStop-1] org.apache.catalina.startup.HostConfig.deployDirectory 把web 应用程序部署到目录 [E:\apache-tomcat-8.5.84\webapps\ROOT]
23-Dec-2022 20:11:53.235 信息 [localhost-startStop-1] org.apache.jasper.servlet.TldScanner.scanJars 至少有一个JAR被扫描用于TLD但尚未包含TLD。 为此记录器启用调试日志记录，以获取已扫描但未在其中找到TLD的完整JAR列表。 在扫描期间跳过不需要的JAR可以缩短启动时间和JSP编译时间。
23-Dec-2022 20:11:53.239 信息 [localhost-startStop-1] org.apache.catalina.startup.HostConfig.deployDirectory Web应用程序目录[E:\apache-tomcat-8.5.84\webapps\ROOT]的部署已在[399]毫秒内完成
23-Dec-2022 20:11:53.244 信息 [main] org.apache.coyote.AbstractProtocol.start 开始协议处理句柄["http-nio-8080"]
23-Dec-2022 20:11:53.306 信息 [main] org.apache.catalina.startup.Catalina.start Server startup in 3545 ms
23-Dec-2022 20:17:18.961 信息 [main] org.apache.catalina.core.StandardServer.await 通过关闭端口接收到有效的关闭命令。正在停止服务器实例。
23-Dec-2022 20:17:18.961 信息 [main] org.apache.coyote.AbstractProtocol.pause 暂停ProtocolHandler["http-nio-8080"]
23-Dec-2022 20:17:18.988 信息 [main] org.apache.catalina.core.StandardService.stopInternal 正在停止服务[Catalina]
23-Dec-2022 20:17:19.031 信息 [main] org.apache.coyote.AbstractProtocol.stop 正在停止ProtocolHandler ["http-nio-8080"]
23-Dec-2022 20:17:19.046 信息 [main] org.apache.coyote.AbstractProtocol.destroy 正在摧毁协议处理器 ["http-nio-8080"]
23-Dec-2022 20:17:23.293 信息 [main] org.apache.catalina.startup.VersionLoggerListener.log Server.服务器版本: Apache Tomcat/8.5.84
23-Dec-2022 20:17:23.307 信息 [main] org.apache.catalina.startup.VersionLoggerListener.log 服务器构建:        Nov 16 2022 13:34:24 UTC
23-Dec-2022 20:17:23.308 信息 [main] org.apache.catalina.startup.VersionLoggerListener.log 服务器版本号:      8.5.84.0
23-Dec-2022 20:17:23.309 信息 [main] org.apache.catalina.startup.VersionLoggerListener.log 操作系统名称:      Windows 10
23-Dec-2022 20:17:23.311 信息 [main] org.apache.catalina.startup.VersionLoggerListener.log OS.版本:           10.0
23-Dec-2022 20:17:23.312 信息 [main] org.apache.catalina.startup.VersionLoggerListener.log 架构:              amd64
23-Dec-2022 20:17:23.313 信息 [main] org.apache.catalina.startup.VersionLoggerListener.log Java 环境变量:     D:\Java\jdk-14.0.2
23-Dec-2022 20:17:23.314 信息 [main] org.apache.catalina.startup.VersionLoggerListener.log Java虚拟机版本:    14.0.2+12-46
23-Dec-2022 20:17:23.315 信息 [main] org.apache.catalina.startup.VersionLoggerListener.log JVM.供应商:        Oracle Corporation
23-Dec-2022 20:17:23.315 信息 [main] org.apache.catalina.startup.VersionLoggerListener.log CATALINA_BASE:     E:\apache-tomcat-8.5.84
23-Dec-2022 20:17:23.316 信息 [main] org.apache.catalina.startup.VersionLoggerListener.log CATALINA_HOME:     E:\apache-tomcat-8.5.84
23-Dec-2022 20:17:23.318 信息 [main] org.apache.catalina.startup.VersionLoggerListener.log 命令行参数：       --add-opens=java.base/java.lang=ALL-UNNAMED
23-Dec-2022 20:17:23.318 信息 [main] org.apache.catalina.startup.VersionLoggerListener.log 命令行参数：       --add-opens=java.base/java.io=ALL-UNNAMED
23-Dec-2022 20:17:23.319 信息 [main] org.apache.catalina.startup.VersionLoggerListener.log 命令行参数：       --add-opens=java.base/java.util=ALL-UNNAMED
23-Dec-2022 20:17:23.319 信息 [main] org.apache.catalina.startup.VersionLoggerListener.log 命令行参数：       --add-opens=java.base/java.util.concurrent=ALL-UNNAMED
23-Dec-2022 20:17:23.319 信息 [main] org.apache.catalina.startup.VersionLoggerListener.log 命令行参数：       --add-opens=java.rmi/sun.rmi.transport=ALL-UNNAMED
23-Dec-2022 20:17:23.319 信息 [main] org.apache.catalina.startup.VersionLoggerListener.log 命令行参数：       -Djava.util.logging.config.file=E:\apache-tomcat-8.5.84\conf\logging.properties
23-Dec-2022 20:17:23.319 信息 [main] org.apache.catalina.startup.VersionLoggerListener.log 命令行参数：       -Djava.util.logging.manager=org.apache.juli.ClassLoaderLogManager
23-Dec-2022 20:17:23.321 信息 [main] org.apache.catalina.startup.VersionLoggerListener.log 命令行参数：       -Djdk.tls.ephemeralDHKeySize=2048
23-Dec-2022 20:17:23.321 信息 [main] org.apache.catalina.startup.VersionLoggerListener.log 命令行参数：       -Djava.protocol.handler.pkgs=org.apache.catalina.webresources
23-Dec-2022 20:17:23.321 信息 [main] org.apache.catalina.startup.VersionLoggerListener.log 命令行参数：       -Dignore.endorsed.dirs=
23-Dec-2022 20:17:23.322 信息 [main] org.apache.catalina.startup.VersionLoggerListener.log 命令行参数：       -Dcatalina.base=E:\apache-tomcat-8.5.84
23-Dec-2022 20:17:23.322 信息 [main] org.apache.catalina.startup.VersionLoggerListener.log 命令行参数：       -Dcatalina.home=E:\apache-tomcat-8.5.84
23-Dec-2022 20:17:23.323 信息 [main] org.apache.catalina.startup.VersionLoggerListener.log 命令行参数：       -Djava.io.tmpdir=E:\apache-tomcat-8.5.84\temp
23-Dec-2022 20:17:23.323 信息 [main] org.apache.catalina.core.AprLifecycleListener.lifecycleEvent 使用APR版本[1.7.0]加载了基于APR的Apache Tomcat本机库[1.2.35]。
23-Dec-2022 20:17:23.323 信息 [main] org.apache.catalina.core.AprLifecycleListener.lifecycleEvent APR功能：IPv6[true]、sendfile[true]、accept filters[false]、random[true]、UDS [{4}]。
23-Dec-2022 20:17:23.325 信息 [main] org.apache.catalina.core.AprLifecycleListener.lifecycleEvent APR/OpenSSL配置：useAprConnector[false]，useOpenSSL[true]
23-Dec-2022 20:17:23.339 信息 [main] org.apache.catalina.core.AprLifecycleListener.initializeSSL OpenSSL成功初始化 [OpenSSL 1.1.1q  5 Jul 2022]
23-Dec-2022 20:17:23.408 信息 [main] org.apache.coyote.AbstractProtocol.init 初始化协议处理器 ["http-nio-8080"]
23-Dec-2022 20:17:23.440 信息 [main] org.apache.catalina.startup.Catalina.load Initialization processed in 752 ms
23-Dec-2022 20:17:23.485 信息 [main] org.apache.catalina.core.StandardService.startInternal 正在启动服务[Catalina]
23-Dec-2022 20:17:23.485 信息 [main] org.apache.catalina.core.StandardEngine.startInternal 正在启动 Servlet 引擎：[Apache Tomcat/8.5.84]
23-Dec-2022 20:17:23.611 警告 [localhost-startStop-1] org.apache.tomcat.util.descriptor.web.WebXml.setVersion 未知版本字符串 [4.0]。将使用默认版本。
23-Dec-2022 20:17:24.394 信息 [localhost-startStop-1] org.apache.jasper.servlet.TldScanner.scanJars 至少有一个JAR被扫描用于TLD但尚未包含TLD。 为此记录器启用调试日志记录，以获取已扫描但未在其中找到TLD的完整JAR列表。 在扫描期间跳过不需要的JAR可以缩短启动时间和JSP编译时间。
23-Dec-2022 20:17:24.502 信息 [localhost-startStop-1] org.apache.catalina.startup.HostConfig.deployDirectory 把web 应用程序部署到目录 [E:\apache-tomcat-8.5.84\webapps\docs]
23-Dec-2022 20:17:24.972 信息 [localhost-startStop-1] org.apache.jasper.servlet.TldScanner.scanJars 至少有一个JAR被扫描用于TLD但尚未包含TLD。 为此记录器启用调试日志记录，以获取已扫描但未在其中找到TLD的完整JAR列表。 在扫描期间跳过不需要的JAR可以缩短启动时间和JSP编译时间。
23-Dec-2022 20:17:24.979 信息 [localhost-startStop-1] org.apache.catalina.startup.HostConfig.deployDirectory Web应用程序目录[E:\apache-tomcat-8.5.84\webapps\docs]的部署已在[474]毫秒内完成
23-Dec-2022 20:17:24.979 信息 [localhost-startStop-1] org.apache.catalina.startup.HostConfig.deployDirectory 把web 应用程序部署到目录 [E:\apache-tomcat-8.5.84\webapps\examples]
23-Dec-2022 20:17:25.751 信息 [localhost-startStop-1] org.apache.jasper.servlet.TldScanner.scanJars 至少有一个JAR被扫描用于TLD但尚未包含TLD。 为此记录器启用调试日志记录，以获取已扫描但未在其中找到TLD的完整JAR列表。 在扫描期间跳过不需要的JAR可以缩短启动时间和JSP编译时间。
23-Dec-2022 20:17:25.815 信息 [localhost-startStop-1] org.apache.catalina.startup.HostConfig.deployDirectory Web应用程序目录[E:\apache-tomcat-8.5.84\webapps\examples]的部署已在[836]毫秒内完成
23-Dec-2022 20:17:25.815 信息 [localhost-startStop-1] org.apache.catalina.startup.HostConfig.deployDirectory 把web 应用程序部署到目录 [E:\apache-tomcat-8.5.84\webapps\host-manager]
23-Dec-2022 20:17:26.248 信息 [localhost-startStop-1] org.apache.jasper.servlet.TldScanner.scanJars 至少有一个JAR被扫描用于TLD但尚未包含TLD。 为此记录器启用调试日志记录，以获取已扫描但未在其中找到TLD的完整JAR列表。 在扫描期间跳过不需要的JAR可以缩短启动时间和JSP编译时间。
23-Dec-2022 20:17:26.255 信息 [localhost-startStop-1] org.apache.catalina.startup.HostConfig.deployDirectory Web应用程序目录[E:\apache-tomcat-8.5.84\webapps\host-manager]的部署已在[439]毫秒内完成
23-Dec-2022 20:17:26.255 信息 [localhost-startStop-1] org.apache.catalina.startup.HostConfig.deployDirectory 把web 应用程序部署到目录 [E:\apache-tomcat-8.5.84\webapps\manager]
23-Dec-2022 20:17:26.689 信息 [localhost-startStop-1] org.apache.jasper.servlet.TldScanner.scanJars 至少有一个JAR被扫描用于TLD但尚未包含TLD。 为此记录器启用调试日志记录，以获取已扫描但未在其中找到TLD的完整JAR列表。 在扫描期间跳过不需要的JAR可以缩短启动时间和JSP编译时间。
23-Dec-2022 20:17:26.693 信息 [localhost-startStop-1] org.apache.catalina.startup.HostConfig.deployDirectory Web应用程序目录[E:\apache-tomcat-8.5.84\webapps\manager]的部署已在[438]毫秒内完成
23-Dec-2022 20:17:26.694 信息 [localhost-startStop-1] org.apache.catalina.startup.HostConfig.deployDirectory 把web 应用程序部署到目录 [E:\apache-tomcat-8.5.84\webapps\ROOT]
23-Dec-2022 20:17:27.078 信息 [localhost-startStop-1] org.apache.jasper.servlet.TldScanner.scanJars 至少有一个JAR被扫描用于TLD但尚未包含TLD。 为此记录器启用调试日志记录，以获取已扫描但未在其中找到TLD的完整JAR列表。 在扫描期间跳过不需要的JAR可以缩短启动时间和JSP编译时间。
23-Dec-2022 20:17:27.081 信息 [localhost-startStop-1] org.apache.catalina.startup.HostConfig.deployDirectory Web应用程序目录[E:\apache-tomcat-8.5.84\webapps\ROOT]的部署已在[387]毫秒内完成
23-Dec-2022 20:17:27.085 信息 [main] org.apache.coyote.AbstractProtocol.start 开始协议处理句柄["http-nio-8080"]
23-Dec-2022 20:17:27.148 信息 [main] org.apache.catalina.startup.Catalina.start Server startup in 3706 ms
23-Dec-2022 20:20:32.383 信息 [main] org.apache.catalina.core.StandardServer.await 通过关闭端口接收到有效的关闭命令。正在停止服务器实例。
23-Dec-2022 20:20:32.384 信息 [main] org.apache.coyote.AbstractProtocol.pause 暂停ProtocolHandler["http-nio-8080"]
23-Dec-2022 20:20:32.410 信息 [main] org.apache.catalina.core.StandardService.stopInternal 正在停止服务[Catalina]
23-Dec-2022 20:20:32.452 信息 [main] org.apache.coyote.AbstractProtocol.stop 正在停止ProtocolHandler ["http-nio-8080"]
23-Dec-2022 20:20:32.467 信息 [main] org.apache.coyote.AbstractProtocol.destroy 正在摧毁协议处理器 ["http-nio-8080"]
23-Dec-2022 20:20:37.313 信息 [main] org.apache.catalina.startup.VersionLoggerListener.log Server.服务器版本: Apache Tomcat/8.5.84
23-Dec-2022 20:20:37.317 信息 [main] org.apache.catalina.startup.VersionLoggerListener.log 服务器构建:        Nov 16 2022 13:34:24 UTC
23-Dec-2022 20:20:37.318 信息 [main] org.apache.catalina.startup.VersionLoggerListener.log 服务器版本号:      8.5.84.0
23-Dec-2022 20:20:37.318 信息 [main] org.apache.catalina.startup.VersionLoggerListener.log 操作系统名称:      Windows 10
23-Dec-2022 20:20:37.318 信息 [main] org.apache.catalina.startup.VersionLoggerListener.log OS.版本:           10.0
23-Dec-2022 20:20:37.318 信息 [main] org.apache.catalina.startup.VersionLoggerListener.log 架构:              amd64
23-Dec-2022 20:20:37.319 信息 [main] org.apache.catalina.startup.VersionLoggerListener.log Java 环境变量:     D:\Java\jdk-14.0.2
23-Dec-2022 20:20:37.319 信息 [main] org.apache.catalina.startup.VersionLoggerListener.log Java虚拟机版本:    14.0.2+12-46
23-Dec-2022 20:20:37.319 信息 [main] org.apache.catalina.startup.VersionLoggerListener.log JVM.供应商:        Oracle Corporation
23-Dec-2022 20:20:37.319 信息 [main] org.apache.catalina.startup.VersionLoggerListener.log CATALINA_BASE:     E:\apache-tomcat-8.5.84
23-Dec-2022 20:20:37.319 信息 [main] org.apache.catalina.startup.VersionLoggerListener.log CATALINA_HOME:     E:\apache-tomcat-8.5.84
23-Dec-2022 20:20:37.320 信息 [main] org.apache.catalina.startup.VersionLoggerListener.log 命令行参数：       --add-opens=java.base/java.lang=ALL-UNNAMED
23-Dec-2022 20:20:37.320 信息 [main] org.apache.catalina.startup.VersionLoggerListener.log 命令行参数：       --add-opens=java.base/java.io=ALL-UNNAMED
23-Dec-2022 20:20:37.320 信息 [main] org.apache.catalina.startup.VersionLoggerListener.log 命令行参数：       --add-opens=java.base/java.util=ALL-UNNAMED
23-Dec-2022 20:20:37.321 信息 [main] org.apache.catalina.startup.VersionLoggerListener.log 命令行参数：       --add-opens=java.base/java.util.concurrent=ALL-UNNAMED
23-Dec-2022 20:20:37.321 信息 [main] org.apache.catalina.startup.VersionLoggerListener.log 命令行参数：       --add-opens=java.rmi/sun.rmi.transport=ALL-UNNAMED
23-Dec-2022 20:20:37.321 信息 [main] org.apache.catalina.startup.VersionLoggerListener.log 命令行参数：       -Djava.util.logging.config.file=E:\apache-tomcat-8.5.84\conf\logging.properties
23-Dec-2022 20:20:37.322 信息 [main] org.apache.catalina.startup.VersionLoggerListener.log 命令行参数：       -Djava.util.logging.manager=org.apache.juli.ClassLoaderLogManager
23-Dec-2022 20:20:37.322 信息 [main] org.apache.catalina.startup.VersionLoggerListener.log 命令行参数：       -Djdk.tls.ephemeralDHKeySize=2048
23-Dec-2022 20:20:37.322 信息 [main] org.apache.catalina.startup.VersionLoggerListener.log 命令行参数：       -Djava.protocol.handler.pkgs=org.apache.catalina.webresources
23-Dec-2022 20:20:37.323 信息 [main] org.apache.catalina.startup.VersionLoggerListener.log 命令行参数：       -Dignore.endorsed.dirs=
23-Dec-2022 20:20:37.323 信息 [main] org.apache.catalina.startup.VersionLoggerListener.log 命令行参数：       -Dcatalina.base=E:\apache-tomcat-8.5.84
23-Dec-2022 20:20:37.323 信息 [main] org.apache.catalina.startup.VersionLoggerListener.log 命令行参数：       -Dcatalina.home=E:\apache-tomcat-8.5.84
23-Dec-2022 20:20:37.324 信息 [main] org.apache.catalina.startup.VersionLoggerListener.log 命令行参数：       -Djava.io.tmpdir=E:\apache-tomcat-8.5.84\temp
23-Dec-2022 20:20:37.324 信息 [main] org.apache.catalina.core.AprLifecycleListener.lifecycleEvent 使用APR版本[1.7.0]加载了基于APR的Apache Tomcat本机库[1.2.35]。
23-Dec-2022 20:20:37.324 信息 [main] org.apache.catalina.core.AprLifecycleListener.lifecycleEvent APR功能：IPv6[true]、sendfile[true]、accept filters[false]、random[true]、UDS [{4}]。
23-Dec-2022 20:20:37.324 信息 [main] org.apache.catalina.core.AprLifecycleListener.lifecycleEvent APR/OpenSSL配置：useAprConnector[false]，useOpenSSL[true]
23-Dec-2022 20:20:37.337 信息 [main] org.apache.catalina.core.AprLifecycleListener.initializeSSL OpenSSL成功初始化 [OpenSSL 1.1.1q  5 Jul 2022]
23-Dec-2022 20:20:37.389 信息 [main] org.apache.coyote.AbstractProtocol.init 初始化协议处理器 ["http-nio-8080"]
23-Dec-2022 20:20:37.416 信息 [main] org.apache.catalina.startup.Catalina.load Initialization processed in 598 ms
23-Dec-2022 20:20:37.472 信息 [main] org.apache.catalina.core.StandardService.startInternal 正在启动服务[Catalina]
23-Dec-2022 20:20:37.473 信息 [main] org.apache.catalina.core.StandardEngine.startInternal 正在启动 Servlet 引擎：[Apache Tomcat/8.5.84]
23-Dec-2022 20:20:37.604 警告 [localhost-startStop-1] org.apache.tomcat.util.descriptor.web.WebXml.setVersion 未知版本字符串 [4.0]。将使用默认版本。
23-Dec-2022 20:20:38.238 信息 [localhost-startStop-1] org.apache.jasper.servlet.TldScanner.scanJars 至少有一个JAR被扫描用于TLD但尚未包含TLD。 为此记录器启用调试日志记录，以获取已扫描但未在其中找到TLD的完整JAR列表。 在扫描期间跳过不需要的JAR可以缩短启动时间和JSP编译时间。
23-Dec-2022 20:20:38.334 信息 [localhost-startStop-1] org.apache.catalina.startup.HostConfig.deployDirectory 把web 应用程序部署到目录 [E:\apache-tomcat-8.5.84\webapps\docs]
23-Dec-2022 20:20:38.731 信息 [localhost-startStop-1] org.apache.jasper.servlet.TldScanner.scanJars 至少有一个JAR被扫描用于TLD但尚未包含TLD。 为此记录器启用调试日志记录，以获取已扫描但未在其中找到TLD的完整JAR列表。 在扫描期间跳过不需要的JAR可以缩短启动时间和JSP编译时间。
23-Dec-2022 20:20:38.736 信息 [localhost-startStop-1] org.apache.catalina.startup.HostConfig.deployDirectory Web应用程序目录[E:\apache-tomcat-8.5.84\webapps\docs]的部署已在[400]毫秒内完成
23-Dec-2022 20:20:38.737 信息 [localhost-startStop-1] org.apache.catalina.startup.HostConfig.deployDirectory 把web 应用程序部署到目录 [E:\apache-tomcat-8.5.84\webapps\examples]
23-Dec-2022 20:20:39.551 信息 [localhost-startStop-1] org.apache.jasper.servlet.TldScanner.scanJars 至少有一个JAR被扫描用于TLD但尚未包含TLD。 为此记录器启用调试日志记录，以获取已扫描但未在其中找到TLD的完整JAR列表。 在扫描期间跳过不需要的JAR可以缩短启动时间和JSP编译时间。
23-Dec-2022 20:20:39.613 信息 [localhost-startStop-1] org.apache.catalina.startup.HostConfig.deployDirectory Web应用程序目录[E:\apache-tomcat-8.5.84\webapps\examples]的部署已在[876]毫秒内完成
23-Dec-2022 20:20:39.614 信息 [localhost-startStop-1] org.apache.catalina.startup.HostConfig.deployDirectory 把web 应用程序部署到目录 [E:\apache-tomcat-8.5.84\webapps\host-manager]
23-Dec-2022 20:20:40.082 信息 [localhost-startStop-1] org.apache.jasper.servlet.TldScanner.scanJars 至少有一个JAR被扫描用于TLD但尚未包含TLD。 为此记录器启用调试日志记录，以获取已扫描但未在其中找到TLD的完整JAR列表。 在扫描期间跳过不需要的JAR可以缩短启动时间和JSP编译时间。
23-Dec-2022 20:20:40.089 信息 [localhost-startStop-1] org.apache.catalina.startup.HostConfig.deployDirectory Web应用程序目录[E:\apache-tomcat-8.5.84\webapps\host-manager]的部署已在[476]毫秒内完成
23-Dec-2022 20:20:40.089 信息 [localhost-startStop-1] org.apache.catalina.startup.HostConfig.deployDirectory 把web 应用程序部署到目录 [E:\apache-tomcat-8.5.84\webapps\manager]
23-Dec-2022 20:20:40.488 信息 [localhost-startStop-1] org.apache.jasper.servlet.TldScanner.scanJars 至少有一个JAR被扫描用于TLD但尚未包含TLD。 为此记录器启用调试日志记录，以获取已扫描但未在其中找到TLD的完整JAR列表。 在扫描期间跳过不需要的JAR可以缩短启动时间和JSP编译时间。
23-Dec-2022 20:20:40.491 信息 [localhost-startStop-1] org.apache.catalina.startup.HostConfig.deployDirectory Web应用程序目录[E:\apache-tomcat-8.5.84\webapps\manager]的部署已在[402]毫秒内完成
23-Dec-2022 20:20:40.491 信息 [localhost-startStop-1] org.apache.catalina.startup.HostConfig.deployDirectory 把web 应用程序部署到目录 [E:\apache-tomcat-8.5.84\webapps\ROOT]
23-Dec-2022 20:20:40.885 信息 [localhost-startStop-1] org.apache.jasper.servlet.TldScanner.scanJars 至少有一个JAR被扫描用于TLD但尚未包含TLD。 为此记录器启用调试日志记录，以获取已扫描但未在其中找到TLD的完整JAR列表。 在扫描期间跳过不需要的JAR可以缩短启动时间和JSP编译时间。
23-Dec-2022 20:20:40.888 信息 [localhost-startStop-1] org.apache.catalina.startup.HostConfig.deployDirectory Web应用程序目录[E:\apache-tomcat-8.5.84\webapps\ROOT]的部署已在[397]毫秒内完成
23-Dec-2022 20:20:40.892 信息 [main] org.apache.coyote.AbstractProtocol.start 开始协议处理句柄["http-nio-8080"]
23-Dec-2022 20:20:40.969 信息 [main] org.apache.catalina.startup.Catalina.start Server startup in 3551 ms
23-Dec-2022 21:18:28.866 信息 [main] org.apache.catalina.core.StandardServer.await 通过关闭端口接收到有效的关闭命令。正在停止服务器实例。
23-Dec-2022 21:18:28.868 信息 [main] org.apache.coyote.AbstractProtocol.pause 暂停ProtocolHandler["http-nio-8080"]
23-Dec-2022 21:18:28.899 信息 [main] org.apache.catalina.core.StandardService.stopInternal 正在停止服务[Catalina]
23-Dec-2022 21:18:28.960 信息 [main] org.apache.coyote.AbstractProtocol.stop 正在停止ProtocolHandler ["http-nio-8080"]
23-Dec-2022 21:18:28.975 信息 [main] org.apache.coyote.AbstractProtocol.destroy 正在摧毁协议处理器 ["http-nio-8080"]
